2018/10/18 14:55:26 debug.go:45: [GIN-debug] [WARNING] Running in "debug" mode. Switch to "release" mode in production.
 - using env:	export GIN_MODE=release
 - using code:	gin.SetMode(gin.ReleaseMode)

time="2018-10-18T14:55:26Z" level=info msg="graph.Start ok" 
time="2018-10-18T14:55:26Z" level=debug msg="will start with port:0.0.0.0:8080" 
2018/10/18 14:55:26 debug.go:45: [GIN-debug] GET    /                         --> github.com/open-falcon/falcon-plus/modules/api/app/controller.StartGin.func1 (4 handlers)
2018/10/18 14:55:26 debug.go:45: [GIN-debug] GET    /api/v1/graph/endpointobj --> github.com/open-falcon/falcon-plus/modules/api/app/controller/graph.EndpointObjGet (5 handlers)
2018/10/18 14:55:26 debug.go:45: [GIN-debug] GET    /api/v1/graph/endpoint    --> github.com/open-falcon/falcon-plus/modules/api/app/controller/graph.EndpointRegexpQuery (5 handlers)
2018/10/18 14:55:26 debug.go:45: [GIN-debug] GET    /api/v1/graph/endpoint_counter --> github.com/open-falcon/falcon-plus/modules/api/app/controller/graph.EndpointCounterRegexpQuery (5 handlers)
2018/10/18 14:55:26 debug.go:45: [GIN-debug] POST   /api/v1/graph/history     --> github.com/open-falcon/falcon-plus/modules/api/app/controller/graph.QueryGraphDrawData (5 handlers)
2018/10/18 14:55:26 debug.go:45: [GIN-debug] POST   /api/v1/graph/lastpoint   --> github.com/open-falcon/falcon-plus/modules/api/app/controller/graph.QueryGraphLastPoint (5 handlers)
2018/10/18 14:55:26 debug.go:45: [GIN-debug] DELETE /api/v1/graph/endpoint    --> github.com/open-falcon/falcon-plus/modules/api/app/controller/graph.DeleteGraphEndpoint (5 handlers)
2018/10/18 14:55:26 debug.go:45: [GIN-debug] DELETE /api/v1/graph/counter     --> github.com/open-falcon/falcon-plus/modules/api/app/controller/graph.DeleteGraphCounter (5 handlers)
2018/10/18 14:55:26 debug.go:45: [GIN-debug] GET    /api/v1/grafana           --> github.com/open-falcon/falcon-plus/modules/api/app/controller/graph.GrafanaMainQuery (4 handlers)
2018/10/18 14:55:26 debug.go:45: [GIN-debug] GET    /api/v1/grafana/metrics/find --> github.com/open-falcon/falcon-plus/modules/api/app/controller/graph.GrafanaMainQuery (4 handlers)
2018/10/18 14:55:26 debug.go:45: [GIN-debug] POST   /api/v1/grafana/render    --> github.com/open-falcon/falcon-plus/modules/api/app/controller/graph.GrafanaRender (4 handlers)
2018/10/18 14:55:26 debug.go:45: [GIN-debug] GET    /api/v1/grafana/render    --> github.com/open-falcon/falcon-plus/modules/api/app/controller/graph.GrafanaRender (4 handlers)
2018/10/18 14:55:26 debug.go:45: [GIN-debug] GET    /api/v1/user/auth_session --> github.com/open-falcon/falcon-plus/modules/api/app/controller/uic.AuthSession (4 handlers)
2018/10/18 14:55:26 debug.go:45: [GIN-debug] POST   /api/v1/user/login        --> github.com/open-falcon/falcon-plus/modules/api/app/controller/uic.Login (4 handlers)
2018/10/18 14:55:26 debug.go:45: [GIN-debug] GET    /api/v1/user/logout       --> github.com/open-falcon/falcon-plus/modules/api/app/controller/uic.Logout (4 handlers)
2018/10/18 14:55:26 debug.go:45: [GIN-debug] POST   /api/v1/user/create       --> github.com/open-falcon/falcon-plus/modules/api/app/controller/uic.CreateUser (4 handlers)
2018/10/18 14:55:26 debug.go:45: [GIN-debug] GET    /api/v1/user/current      --> github.com/open-falcon/falcon-plus/modules/api/app/controller/uic.UserInfo (5 handlers)
2018/10/18 14:55:26 debug.go:45: [GIN-debug] GET    /api/v1/user/u/:uid       --> github.com/open-falcon/falcon-plus/modules/api/app/controller/uic.GetUser (5 handlers)
2018/10/18 14:55:26 debug.go:45: [GIN-debug] GET    /api/v1/user/name/:user_name --> github.com/open-falcon/falcon-plus/modules/api/app/controller/uic.GetUserByName (5 handlers)
2018/10/18 14:55:26 debug.go:45: [GIN-debug] PUT    /api/v1/user/update       --> github.com/open-falcon/falcon-plus/modules/api/app/controller/uic.UpdateCurrentUser (5 handlers)
2018/10/18 14:55:26 debug.go:45: [GIN-debug] PUT    /api/v1/user/cgpasswd     --> github.com/open-falcon/falcon-plus/modules/api/app/controller/uic.ChangePassword (5 handlers)
2018/10/18 14:55:26 debug.go:45: [GIN-debug] GET    /api/v1/user/users        --> github.com/open-falcon/falcon-plus/modules/api/app/controller/uic.UserList (5 handlers)
2018/10/18 14:55:26 debug.go:45: [GIN-debug] GET    /api/v1/user/u/:uid/in_teams --> github.com/open-falcon/falcon-plus/modules/api/app/controller/uic.IsUserInTeams (5 handlers)
2018/10/18 14:55:26 debug.go:45: [GIN-debug] GET    /api/v1/user/u/:uid/teams --> github.com/open-falcon/falcon-plus/modules/api/app/controller/uic.GetUserTeams (5 handlers)
2018/10/18 14:55:26 debug.go:45: [GIN-debug] PUT    /api/v1/admin/change_user_role --> github.com/open-falcon/falcon-plus/modules/api/app/controller/uic.ChangeRoleOfUser (5 handlers)
2018/10/18 14:55:26 debug.go:45: [GIN-debug] PUT    /api/v1/admin/change_user_passwd --> github.com/open-falcon/falcon-plus/modules/api/app/controller/uic.AdminChangePassword (5 handlers)
2018/10/18 14:55:26 debug.go:45: [GIN-debug] PUT    /api/v1/admin/change_user_profile --> github.com/open-falcon/falcon-plus/modules/api/app/controller/uic.AdminChangeUserProfile (5 handlers)
2018/10/18 14:55:26 debug.go:45: [GIN-debug] DELETE /api/v1/admin/delete_user --> github.com/open-falcon/falcon-plus/modules/api/app/controller/uic.AdminUserDelete (5 handlers)
2018/10/18 14:55:26 debug.go:45: [GIN-debug] GET    /api/v1/team              --> github.com/open-falcon/falcon-plus/modules/api/app/controller/uic.Teams (5 handlers)
2018/10/18 14:55:26 debug.go:45: [GIN-debug] GET    /api/v1/team/t/:team_id   --> github.com/open-falcon/falcon-plus/modules/api/app/controller/uic.GetTeam (5 handlers)
2018/10/18 14:55:26 debug.go:45: [GIN-debug] GET    /api/v1/team/name/:team_name --> github.com/open-falcon/falcon-plus/modules/api/app/controller/uic.GetTeamByName (5 handlers)
2018/10/18 14:55:26 debug.go:45: [GIN-debug] POST   /api/v1/team              --> github.com/open-falcon/falcon-plus/modules/api/app/controller/uic.CreateTeam (5 handlers)
2018/10/18 14:55:26 debug.go:45: [GIN-debug] PUT    /api/v1/team              --> github.com/open-falcon/falcon-plus/modules/api/app/controller/uic.UpdateTeam (5 handlers)
2018/10/18 14:55:26 debug.go:45: [GIN-debug] DELETE /api/v1/team/:team_id     --> github.com/open-falcon/falcon-plus/modules/api/app/controller/uic.DeleteTeam (5 handlers)
2018/10/18 14:55:26 debug.go:45: [GIN-debug] GET    /api/v1/template          --> github.com/open-falcon/falcon-plus/modules/api/app/controller/template.GetTemplates (5 handlers)
2018/10/18 14:55:26 debug.go:45: [GIN-debug] POST   /api/v1/template          --> github.com/open-falcon/falcon-plus/modules/api/app/controller/template.CreateTemplate (5 handlers)
2018/10/18 14:55:26 debug.go:45: [GIN-debug] GET    /api/v1/template/:tpl_id  --> github.com/open-falcon/falcon-plus/modules/api/app/controller/template.GetATemplate (5 handlers)
2018/10/18 14:55:26 debug.go:45: [GIN-debug] PUT    /api/v1/template          --> github.com/open-falcon/falcon-plus/modules/api/app/controller/template.UpdateTemplate (5 handlers)
2018/10/18 14:55:26 debug.go:45: [GIN-debug] GET    /api/v1/template/:tpl_id/hostgroup --> github.com/open-falcon/falcon-plus/modules/api/app/controller/template.GetATemplateHostgroup (5 handlers)
2018/10/18 14:55:26 debug.go:45: [GIN-debug] DELETE /api/v1/template/:tpl_id  --> github.com/open-falcon/falcon-plus/modules/api/app/controller/template.DeleteTemplate (5 handlers)
2018/10/18 14:55:26 debug.go:45: [GIN-debug] POST   /api/v1/template/action   --> github.com/open-falcon/falcon-plus/modules/api/app/controller/template.CreateActionToTmplate (5 handlers)
2018/10/18 14:55:26 debug.go:45: [GIN-debug] PUT    /api/v1/template/action   --> github.com/open-falcon/falcon-plus/modules/api/app/controller/template.UpdateActionToTmplate (5 handlers)
2018/10/18 14:55:26 debug.go:45: [GIN-debug] GET    /api/v1/action/:act_id    --> github.com/open-falcon/falcon-plus/modules/api/app/controller/template.GetActionByID (4 handlers)
2018/10/18 14:55:26 debug.go:45: [GIN-debug] GET    /api/v1/template_simple   --> github.com/open-falcon/falcon-plus/modules/api/app/controller/template.GetTemplatesSimple (4 handlers)
2018/10/18 14:55:26 debug.go:45: [GIN-debug] GET    /api/v1/strategy          --> github.com/open-falcon/falcon-plus/modules/api/app/controller/strategy.GetStrategys (5 handlers)
2018/10/18 14:55:26 debug.go:45: [GIN-debug] GET    /api/v1/strategy/:sid     --> github.com/open-falcon/falcon-plus/modules/api/app/controller/strategy.GetStrategy (5 handlers)
2018/10/18 14:55:26 debug.go:45: [GIN-debug] POST   /api/v1/strategy          --> github.com/open-falcon/falcon-plus/modules/api/app/controller/strategy.CreateStrategy (5 handlers)
2018/10/18 14:55:26 debug.go:45: [GIN-debug] PUT    /api/v1/strategy          --> github.com/open-falcon/falcon-plus/modules/api/app/controller/strategy.UpdateStrategy (5 handlers)
2018/10/18 14:55:26 debug.go:45: [GIN-debug] DELETE /api/v1/strategy/:sid     --> github.com/open-falcon/falcon-plus/modules/api/app/controller/strategy.DeleteStrategy (5 handlers)
2018/10/18 14:55:26 debug.go:45: [GIN-debug] GET    /api/v1/metric/default_list --> github.com/open-falcon/falcon-plus/modules/api/app/controller/strategy.MetricQuery (5 handlers)
2018/10/18 14:55:26 debug.go:45: [GIN-debug] GET    /api/v1/hostgroup         --> github.com/open-falcon/falcon-plus/modules/api/app/controller/host.GetHostGroups (5 handlers)
2018/10/18 14:55:26 debug.go:45: [GIN-debug] POST   /api/v1/hostgroup         --> github.com/open-falcon/falcon-plus/modules/api/app/controller/host.CrateHostGroup (5 handlers)
2018/10/18 14:55:26 debug.go:45: [GIN-debug] POST   /api/v1/hostgroup/host    --> github.com/open-falcon/falcon-plus/modules/api/app/controller/host.BindHostToHostGroup (5 handlers)
2018/10/18 14:55:26 debug.go:45: [GIN-debug] PUT    /api/v1/hostgroup/host    --> github.com/open-falcon/falcon-plus/modules/api/app/controller/host.UnBindAHostToHostGroup (5 handlers)
2018/10/18 14:55:26 debug.go:45: [GIN-debug] GET    /api/v1/hostgroup/:host_group --> github.com/open-falcon/falcon-plus/modules/api/app/controller/host.GetHostGroup (5 handlers)
2018/10/18 14:55:26 debug.go:45: [GIN-debug] PUT    /api/v1/hostgroup         --> github.com/open-falcon/falcon-plus/modules/api/app/controller/host.PutHostGroup (5 handlers)
2018/10/18 14:55:26 debug.go:45: [GIN-debug] DELETE /api/v1/hostgroup/:host_group --> github.com/open-falcon/falcon-plus/modules/api/app/controller/host.DeleteHostGroup (5 handlers)
2018/10/18 14:55:26 debug.go:45: [GIN-debug] PATCH  /api/v1/hostgroup/:host_group/host --> github.com/open-falcon/falcon-plus/modules/api/app/controller/host.PatchHostGroupHost (5 handlers)
2018/10/18 14:55:26 debug.go:45: [GIN-debug] GET    /api/v1/hostgroup/:host_group/plugins --> github.com/open-falcon/falcon-plus/modules/api/app/controller/host.GetPluginOfGrp (5 handlers)
2018/10/18 14:55:26 debug.go:45: [GIN-debug] POST   /api/v1/plugin            --> github.com/open-falcon/falcon-plus/modules/api/app/controller/host.CreatePlugin (5 handlers)
2018/10/18 14:55:26 debug.go:45: [GIN-debug] DELETE /api/v1/plugin/:id        --> github.com/open-falcon/falcon-plus/modules/api/app/controller/host.DeletePlugin (5 handlers)
2018/10/18 14:55:26 debug.go:45: [GIN-debug] GET    /api/v1/hostgroup/:host_group/aggregators --> github.com/open-falcon/falcon-plus/modules/api/app/controller/host.GetAggregatorListOfGrp (5 handlers)
2018/10/18 14:55:26 debug.go:45: [GIN-debug] GET    /api/v1/aggregator/:id    --> github.com/open-falcon/falcon-plus/modules/api/app/controller/host.GetAggregator (5 handlers)
2018/10/18 14:55:26 debug.go:45: [GIN-debug] POST   /api/v1/aggregator        --> github.com/open-falcon/falcon-plus/modules/api/app/controller/host.CreateAggregator (5 handlers)
2018/10/18 14:55:26 debug.go:45: [GIN-debug] PUT    /api/v1/aggregator        --> github.com/open-falcon/falcon-plus/modules/api/app/controller/host.UpdateAggregator (5 handlers)
2018/10/18 14:55:26 debug.go:45: [GIN-debug] DELETE /api/v1/aggregator/:id    --> github.com/open-falcon/falcon-plus/modules/api/app/controller/host.DeleteAggregator (5 handlers)
2018/10/18 14:55:26 debug.go:45: [GIN-debug] POST   /api/v1/hostgroup/template --> github.com/open-falcon/falcon-plus/modules/api/app/controller/host.BindTemplateToGroup (5 handlers)
2018/10/18 14:55:26 debug.go:45: [GIN-debug] PUT    /api/v1/hostgroup/template --> github.com/open-falcon/falcon-plus/modules/api/app/controller/host.UnBindTemplateToGroup (5 handlers)
2018/10/18 14:55:26 debug.go:45: [GIN-debug] GET    /api/v1/hostgroup/:host_group/template --> github.com/open-falcon/falcon-plus/modules/api/app/controller/host.GetTemplateOfHostGroup (5 handlers)
2018/10/18 14:55:26 debug.go:45: [GIN-debug] GET    /api/v1/host/:host_id/template --> github.com/open-falcon/falcon-plus/modules/api/app/controller/host.GetTplsRelatedHost (5 handlers)
2018/10/18 14:55:26 debug.go:45: [GIN-debug] GET    /api/v1/host/:host_id/hostgroup --> github.com/open-falcon/falcon-plus/modules/api/app/controller/host.GetGrpsRelatedHost (5 handlers)
2018/10/18 14:55:26 debug.go:45: [GIN-debug] POST   /api/v1/host/maintain     --> github.com/open-falcon/falcon-plus/modules/api/app/controller/host.SetMaintain (5 handlers)
2018/10/18 14:55:26 debug.go:45: [GIN-debug] DELETE /api/v1/host/maintain     --> github.com/open-falcon/falcon-plus/modules/api/app/controller/host.UnsetMaintain (5 handlers)
2018/10/18 14:55:26 debug.go:45: [GIN-debug] GET    /api/v1/expression        --> github.com/open-falcon/falcon-plus/modules/api/app/controller/expression.GetExpressionList (5 handlers)
2018/10/18 14:55:26 debug.go:45: [GIN-debug] GET    /api/v1/expression/:eid   --> github.com/open-falcon/falcon-plus/modules/api/app/controller/expression.GetExpression (5 handlers)
2018/10/18 14:55:26 debug.go:45: [GIN-debug] POST   /api/v1/expression        --> github.com/open-falcon/falcon-plus/modules/api/app/controller/expression.CreateExrpession (5 handlers)
2018/10/18 14:55:26 debug.go:45: [GIN-debug] PUT    /api/v1/expression        --> github.com/open-falcon/falcon-plus/modules/api/app/controller/expression.UpdateExrpession (5 handlers)
2018/10/18 14:55:26 debug.go:45: [GIN-debug] DELETE /api/v1/expression/:eid   --> github.com/open-falcon/falcon-plus/modules/api/app/controller/expression.DeleteExpression (5 handlers)
2018/10/18 14:55:26 debug.go:45: [GIN-debug] GET    /api/v1/nodata            --> github.com/open-falcon/falcon-plus/modules/api/app/controller/mockcfg.GetNoDataList (5 handlers)
2018/10/18 14:55:26 debug.go:45: [GIN-debug] GET    /api/v1/nodata/:nid       --> github.com/open-falcon/falcon-plus/modules/api/app/controller/mockcfg.GetNoData (5 handlers)
2018/10/18 14:55:26 debug.go:45: [GIN-debug] POST   /api/v1/nodata/           --> github.com/open-falcon/falcon-plus/modules/api/app/controller/mockcfg.CreateNoData (5 handlers)
2018/10/18 14:55:26 debug.go:45: [GIN-debug] PUT    /api/v1/nodata/           --> github.com/open-falcon/falcon-plus/modules/api/app/controller/mockcfg.UpdateNoData (5 handlers)
2018/10/18 14:55:26 debug.go:45: [GIN-debug] DELETE /api/v1/nodata/:nid       --> github.com/open-falcon/falcon-plus/modules/api/app/controller/mockcfg.DeleteNoData (5 handlers)
2018/10/18 14:55:26 debug.go:45: [GIN-debug] POST   /api/v1/dashboard/tmpgraph --> github.com/open-falcon/falcon-plus/modules/api/app/controller/dashboard_graph.DashboardTmpGraphCreate (5 handlers)
2018/10/18 14:55:26 debug.go:45: [GIN-debug] GET    /api/v1/dashboard/tmpgraph/:id --> github.com/open-falcon/falcon-plus/modules/api/app/controller/dashboard_graph.DashboardTmpGraphQuery (5 handlers)
2018/10/18 14:55:26 debug.go:45: [GIN-debug] POST   /api/v1/dashboard/graph   --> github.com/open-falcon/falcon-plus/modules/api/app/controller/dashboard_graph.DashboardGraphCreate (5 handlers)
2018/10/18 14:55:26 debug.go:45: [GIN-debug] PUT    /api/v1/dashboard/graph/:id --> github.com/open-falcon/falcon-plus/modules/api/app/controller/dashboard_graph.DashboardGraphUpdate (5 handlers)
2018/10/18 14:55:26 debug.go:45: [GIN-debug] GET    /api/v1/dashboard/graph/:id --> github.com/open-falcon/falcon-plus/modules/api/app/controller/dashboard_graph.DashboardGraphGet (5 handlers)
2018/10/18 14:55:26 debug.go:45: [GIN-debug] DELETE /api/v1/dashboard/graph/:id --> github.com/open-falcon/falcon-plus/modules/api/app/controller/dashboard_graph.DashboardGraphDelete (5 handlers)
2018/10/18 14:55:26 debug.go:45: [GIN-debug] GET    /api/v1/dashboard/graphs/screen/:screen_id --> github.com/open-falcon/falcon-plus/modules/api/app/controller/dashboard_graph.DashboardGraphGetsByScreenID (5 handlers)
2018/10/18 14:55:26 debug.go:45: [GIN-debug] POST   /api/v1/dashboard/screen  --> github.com/open-falcon/falcon-plus/modules/api/app/controller/dashboard_screen.ScreenCreate (5 handlers)
2018/10/18 14:55:26 debug.go:45: [GIN-debug] GET    /api/v1/dashboard/screen/:screen_id --> github.com/open-falcon/falcon-plus/modules/api/app/controller/dashboard_screen.ScreenGet (5 handlers)
2018/10/18 14:55:26 debug.go:45: [GIN-debug] GET    /api/v1/dashboard/screens/pid/:pid --> github.com/open-falcon/falcon-plus/modules/api/app/controller/dashboard_screen.ScreenGetsByPid (5 handlers)
2018/10/18 14:55:26 debug.go:45: [GIN-debug] GET    /api/v1/dashboard/screens --> github.com/open-falcon/falcon-plus/modules/api/app/controller/dashboard_screen.ScreenGetsAll (5 handlers)
2018/10/18 14:55:26 debug.go:45: [GIN-debug] DELETE /api/v1/dashboard/screen/:screen_id --> github.com/open-falcon/falcon-plus/modules/api/app/controller/dashboard_screen.ScreenDelete (5 handlers)
2018/10/18 14:55:26 debug.go:45: [GIN-debug] PUT    /api/v1/dashboard/screen/:screen_id --> github.com/open-falcon/falcon-plus/modules/api/app/controller/dashboard_screen.ScreenUpdate (5 handlers)
2018/10/18 14:55:26 debug.go:45: [GIN-debug] POST   /api/v1/alarm/eventcases  --> github.com/open-falcon/falcon-plus/modules/api/app/controller/alarm.AlarmLists (5 handlers)
2018/10/18 14:55:26 debug.go:45: [GIN-debug] GET    /api/v1/alarm/eventcases  --> github.com/open-falcon/falcon-plus/modules/api/app/controller/alarm.AlarmLists (5 handlers)
2018/10/18 14:55:26 debug.go:45: [GIN-debug] POST   /api/v1/alarm/events      --> github.com/open-falcon/falcon-plus/modules/api/app/controller/alarm.EventsGet (5 handlers)
2018/10/18 14:55:26 debug.go:45: [GIN-debug] GET    /api/v1/alarm/events      --> github.com/open-falcon/falcon-plus/modules/api/app/controller/alarm.EventsGet (5 handlers)
2018/10/18 14:55:26 debug.go:45: [GIN-debug] POST   /api/v1/alarm/event_note  --> github.com/open-falcon/falcon-plus/modules/api/app/controller/alarm.AddNotesToAlarm (5 handlers)
2018/10/18 14:55:26 debug.go:45: [GIN-debug] GET    /api/v1/alarm/event_note  --> github.com/open-falcon/falcon-plus/modules/api/app/controller/alarm.GetNotesOfAlarm (5 handlers)
2018/10/18 14:55:26 debug.go:45: [GIN-debug] Listening and serving HTTP on 0.0.0.0:8080
2018/10/19 01:38:44 debug.go:45: [GIN-debug] [WARNING] Running in "debug" mode. Switch to "release" mode in production.
 - using env:	export GIN_MODE=release
 - using code:	gin.SetMode(gin.ReleaseMode)

time="2018-10-19T01:38:44Z" level=info msg="graph.Start ok" 
time="2018-10-19T01:38:44Z" level=debug msg="will start with port:0.0.0.0:8080" 
2018/10/19 01:38:44 debug.go:45: [GIN-debug] GET    /                         --> github.com/open-falcon/falcon-plus/modules/api/app/controller.StartGin.func1 (4 handlers)
2018/10/19 01:38:44 debug.go:45: [GIN-debug] GET    /api/v1/graph/endpointobj --> github.com/open-falcon/falcon-plus/modules/api/app/controller/graph.EndpointObjGet (5 handlers)
2018/10/19 01:38:44 debug.go:45: [GIN-debug] GET    /api/v1/graph/endpoint    --> github.com/open-falcon/falcon-plus/modules/api/app/controller/graph.EndpointRegexpQuery (5 handlers)
2018/10/19 01:38:44 debug.go:45: [GIN-debug] GET    /api/v1/graph/endpoint_counter --> github.com/open-falcon/falcon-plus/modules/api/app/controller/graph.EndpointCounterRegexpQuery (5 handlers)
2018/10/19 01:38:44 debug.go:45: [GIN-debug] POST   /api/v1/graph/history     --> github.com/open-falcon/falcon-plus/modules/api/app/controller/graph.QueryGraphDrawData (5 handlers)
2018/10/19 01:38:44 debug.go:45: [GIN-debug] POST   /api/v1/graph/lastpoint   --> github.com/open-falcon/falcon-plus/modules/api/app/controller/graph.QueryGraphLastPoint (5 handlers)
2018/10/19 01:38:44 debug.go:45: [GIN-debug] DELETE /api/v1/graph/endpoint    --> github.com/open-falcon/falcon-plus/modules/api/app/controller/graph.DeleteGraphEndpoint (5 handlers)
2018/10/19 01:38:44 debug.go:45: [GIN-debug] DELETE /api/v1/graph/counter     --> github.com/open-falcon/falcon-plus/modules/api/app/controller/graph.DeleteGraphCounter (5 handlers)
2018/10/19 01:38:44 debug.go:45: [GIN-debug] GET    /api/v1/grafana           --> github.com/open-falcon/falcon-plus/modules/api/app/controller/graph.GrafanaMainQuery (4 handlers)
2018/10/19 01:38:44 debug.go:45: [GIN-debug] GET    /api/v1/grafana/metrics/find --> github.com/open-falcon/falcon-plus/modules/api/app/controller/graph.GrafanaMainQuery (4 handlers)
2018/10/19 01:38:44 debug.go:45: [GIN-debug] POST   /api/v1/grafana/render    --> github.com/open-falcon/falcon-plus/modules/api/app/controller/graph.GrafanaRender (4 handlers)
2018/10/19 01:38:44 debug.go:45: [GIN-debug] GET    /api/v1/grafana/render    --> github.com/open-falcon/falcon-plus/modules/api/app/controller/graph.GrafanaRender (4 handlers)
2018/10/19 01:38:44 debug.go:45: [GIN-debug] GET    /api/v1/user/auth_session --> github.com/open-falcon/falcon-plus/modules/api/app/controller/uic.AuthSession (4 handlers)
2018/10/19 01:38:44 debug.go:45: [GIN-debug] POST   /api/v1/user/login        --> github.com/open-falcon/falcon-plus/modules/api/app/controller/uic.Login (4 handlers)
2018/10/19 01:38:44 debug.go:45: [GIN-debug] GET    /api/v1/user/logout       --> github.com/open-falcon/falcon-plus/modules/api/app/controller/uic.Logout (4 handlers)
2018/10/19 01:38:44 debug.go:45: [GIN-debug] POST   /api/v1/user/create       --> github.com/open-falcon/falcon-plus/modules/api/app/controller/uic.CreateUser (4 handlers)
2018/10/19 01:38:44 debug.go:45: [GIN-debug] GET    /api/v1/user/current      --> github.com/open-falcon/falcon-plus/modules/api/app/controller/uic.UserInfo (5 handlers)
2018/10/19 01:38:44 debug.go:45: [GIN-debug] GET    /api/v1/user/u/:uid       --> github.com/open-falcon/falcon-plus/modules/api/app/controller/uic.GetUser (5 handlers)
2018/10/19 01:38:44 debug.go:45: [GIN-debug] GET    /api/v1/user/name/:user_name --> github.com/open-falcon/falcon-plus/modules/api/app/controller/uic.GetUserByName (5 handlers)
2018/10/19 01:38:44 debug.go:45: [GIN-debug] PUT    /api/v1/user/update       --> github.com/open-falcon/falcon-plus/modules/api/app/controller/uic.UpdateCurrentUser (5 handlers)
2018/10/19 01:38:44 debug.go:45: [GIN-debug] PUT    /api/v1/user/cgpasswd     --> github.com/open-falcon/falcon-plus/modules/api/app/controller/uic.ChangePassword (5 handlers)
2018/10/19 01:38:44 debug.go:45: [GIN-debug] GET    /api/v1/user/users        --> github.com/open-falcon/falcon-plus/modules/api/app/controller/uic.UserList (5 handlers)
2018/10/19 01:38:44 debug.go:45: [GIN-debug] GET    /api/v1/user/u/:uid/in_teams --> github.com/open-falcon/falcon-plus/modules/api/app/controller/uic.IsUserInTeams (5 handlers)
2018/10/19 01:38:44 debug.go:45: [GIN-debug] GET    /api/v1/user/u/:uid/teams --> github.com/open-falcon/falcon-plus/modules/api/app/controller/uic.GetUserTeams (5 handlers)
2018/10/19 01:38:44 debug.go:45: [GIN-debug] PUT    /api/v1/admin/change_user_role --> github.com/open-falcon/falcon-plus/modules/api/app/controller/uic.ChangeRoleOfUser (5 handlers)
2018/10/19 01:38:44 debug.go:45: [GIN-debug] PUT    /api/v1/admin/change_user_passwd --> github.com/open-falcon/falcon-plus/modules/api/app/controller/uic.AdminChangePassword (5 handlers)
2018/10/19 01:38:44 debug.go:45: [GIN-debug] PUT    /api/v1/admin/change_user_profile --> github.com/open-falcon/falcon-plus/modules/api/app/controller/uic.AdminChangeUserProfile (5 handlers)
2018/10/19 01:38:44 debug.go:45: [GIN-debug] DELETE /api/v1/admin/delete_user --> github.com/open-falcon/falcon-plus/modules/api/app/controller/uic.AdminUserDelete (5 handlers)
2018/10/19 01:38:44 debug.go:45: [GIN-debug] GET    /api/v1/team              --> github.com/open-falcon/falcon-plus/modules/api/app/controller/uic.Teams (5 handlers)
2018/10/19 01:38:44 debug.go:45: [GIN-debug] GET    /api/v1/team/t/:team_id   --> github.com/open-falcon/falcon-plus/modules/api/app/controller/uic.GetTeam (5 handlers)
2018/10/19 01:38:44 debug.go:45: [GIN-debug] GET    /api/v1/team/name/:team_name --> github.com/open-falcon/falcon-plus/modules/api/app/controller/uic.GetTeamByName (5 handlers)
2018/10/19 01:38:44 debug.go:45: [GIN-debug] POST   /api/v1/team              --> github.com/open-falcon/falcon-plus/modules/api/app/controller/uic.CreateTeam (5 handlers)
2018/10/19 01:38:44 debug.go:45: [GIN-debug] PUT    /api/v1/team              --> github.com/open-falcon/falcon-plus/modules/api/app/controller/uic.UpdateTeam (5 handlers)
2018/10/19 01:38:44 debug.go:45: [GIN-debug] DELETE /api/v1/team/:team_id     --> github.com/open-falcon/falcon-plus/modules/api/app/controller/uic.DeleteTeam (5 handlers)
2018/10/19 01:38:44 debug.go:45: [GIN-debug] GET    /api/v1/template          --> github.com/open-falcon/falcon-plus/modules/api/app/controller/template.GetTemplates (5 handlers)
2018/10/19 01:38:44 debug.go:45: [GIN-debug] POST   /api/v1/template          --> github.com/open-falcon/falcon-plus/modules/api/app/controller/template.CreateTemplate (5 handlers)
2018/10/19 01:38:44 debug.go:45: [GIN-debug] GET    /api/v1/template/:tpl_id  --> github.com/open-falcon/falcon-plus/modules/api/app/controller/template.GetATemplate (5 handlers)
2018/10/19 01:38:44 debug.go:45: [GIN-debug] PUT    /api/v1/template          --> github.com/open-falcon/falcon-plus/modules/api/app/controller/template.UpdateTemplate (5 handlers)
2018/10/19 01:38:44 debug.go:45: [GIN-debug] GET    /api/v1/template/:tpl_id/hostgroup --> github.com/open-falcon/falcon-plus/modules/api/app/controller/template.GetATemplateHostgroup (5 handlers)
2018/10/19 01:38:44 debug.go:45: [GIN-debug] DELETE /api/v1/template/:tpl_id  --> github.com/open-falcon/falcon-plus/modules/api/app/controller/template.DeleteTemplate (5 handlers)
2018/10/19 01:38:44 debug.go:45: [GIN-debug] POST   /api/v1/template/action   --> github.com/open-falcon/falcon-plus/modules/api/app/controller/template.CreateActionToTmplate (5 handlers)
2018/10/19 01:38:44 debug.go:45: [GIN-debug] PUT    /api/v1/template/action   --> github.com/open-falcon/falcon-plus/modules/api/app/controller/template.UpdateActionToTmplate (5 handlers)
2018/10/19 01:38:44 debug.go:45: [GIN-debug] GET    /api/v1/action/:act_id    --> github.com/open-falcon/falcon-plus/modules/api/app/controller/template.GetActionByID (4 handlers)
2018/10/19 01:38:44 debug.go:45: [GIN-debug] GET    /api/v1/template_simple   --> github.com/open-falcon/falcon-plus/modules/api/app/controller/template.GetTemplatesSimple (4 handlers)
2018/10/19 01:38:44 debug.go:45: [GIN-debug] GET    /api/v1/strategy          --> github.com/open-falcon/falcon-plus/modules/api/app/controller/strategy.GetStrategys (5 handlers)
2018/10/19 01:38:44 debug.go:45: [GIN-debug] GET    /api/v1/strategy/:sid     --> github.com/open-falcon/falcon-plus/modules/api/app/controller/strategy.GetStrategy (5 handlers)
2018/10/19 01:38:44 debug.go:45: [GIN-debug] POST   /api/v1/strategy          --> github.com/open-falcon/falcon-plus/modules/api/app/controller/strategy.CreateStrategy (5 handlers)
2018/10/19 01:38:44 debug.go:45: [GIN-debug] PUT    /api/v1/strategy          --> github.com/open-falcon/falcon-plus/modules/api/app/controller/strategy.UpdateStrategy (5 handlers)
2018/10/19 01:38:44 debug.go:45: [GIN-debug] DELETE /api/v1/strategy/:sid     --> github.com/open-falcon/falcon-plus/modules/api/app/controller/strategy.DeleteStrategy (5 handlers)
2018/10/19 01:38:44 debug.go:45: [GIN-debug] GET    /api/v1/metric/default_list --> github.com/open-falcon/falcon-plus/modules/api/app/controller/strategy.MetricQuery (5 handlers)
2018/10/19 01:38:44 debug.go:45: [GIN-debug] GET    /api/v1/hostgroup         --> github.com/open-falcon/falcon-plus/modules/api/app/controller/host.GetHostGroups (5 handlers)
2018/10/19 01:38:44 debug.go:45: [GIN-debug] POST   /api/v1/hostgroup         --> github.com/open-falcon/falcon-plus/modules/api/app/controller/host.CrateHostGroup (5 handlers)
2018/10/19 01:38:44 debug.go:45: [GIN-debug] POST   /api/v1/hostgroup/host    --> github.com/open-falcon/falcon-plus/modules/api/app/controller/host.BindHostToHostGroup (5 handlers)
2018/10/19 01:38:44 debug.go:45: [GIN-debug] PUT    /api/v1/hostgroup/host    --> github.com/open-falcon/falcon-plus/modules/api/app/controller/host.UnBindAHostToHostGroup (5 handlers)
2018/10/19 01:38:44 debug.go:45: [GIN-debug] GET    /api/v1/hostgroup/:host_group --> github.com/open-falcon/falcon-plus/modules/api/app/controller/host.GetHostGroup (5 handlers)
2018/10/19 01:38:44 debug.go:45: [GIN-debug] PUT    /api/v1/hostgroup         --> github.com/open-falcon/falcon-plus/modules/api/app/controller/host.PutHostGroup (5 handlers)
2018/10/19 01:38:44 debug.go:45: [GIN-debug] DELETE /api/v1/hostgroup/:host_group --> github.com/open-falcon/falcon-plus/modules/api/app/controller/host.DeleteHostGroup (5 handlers)
2018/10/19 01:38:44 debug.go:45: [GIN-debug] PATCH  /api/v1/hostgroup/:host_group/host --> github.com/open-falcon/falcon-plus/modules/api/app/controller/host.PatchHostGroupHost (5 handlers)
2018/10/19 01:38:44 debug.go:45: [GIN-debug] GET    /api/v1/hostgroup/:host_group/plugins --> github.com/open-falcon/falcon-plus/modules/api/app/controller/host.GetPluginOfGrp (5 handlers)
2018/10/19 01:38:44 debug.go:45: [GIN-debug] POST   /api/v1/plugin            --> github.com/open-falcon/falcon-plus/modules/api/app/controller/host.CreatePlugin (5 handlers)
2018/10/19 01:38:44 debug.go:45: [GIN-debug] DELETE /api/v1/plugin/:id        --> github.com/open-falcon/falcon-plus/modules/api/app/controller/host.DeletePlugin (5 handlers)
2018/10/19 01:38:44 debug.go:45: [GIN-debug] GET    /api/v1/hostgroup/:host_group/aggregators --> github.com/open-falcon/falcon-plus/modules/api/app/controller/host.GetAggregatorListOfGrp (5 handlers)
2018/10/19 01:38:44 debug.go:45: [GIN-debug] GET    /api/v1/aggregator/:id    --> github.com/open-falcon/falcon-plus/modules/api/app/controller/host.GetAggregator (5 handlers)
2018/10/19 01:38:44 debug.go:45: [GIN-debug] POST   /api/v1/aggregator        --> github.com/open-falcon/falcon-plus/modules/api/app/controller/host.CreateAggregator (5 handlers)
2018/10/19 01:38:44 debug.go:45: [GIN-debug] PUT    /api/v1/aggregator        --> github.com/open-falcon/falcon-plus/modules/api/app/controller/host.UpdateAggregator (5 handlers)
2018/10/19 01:38:44 debug.go:45: [GIN-debug] DELETE /api/v1/aggregator/:id    --> github.com/open-falcon/falcon-plus/modules/api/app/controller/host.DeleteAggregator (5 handlers)
2018/10/19 01:38:44 debug.go:45: [GIN-debug] POST   /api/v1/hostgroup/template --> github.com/open-falcon/falcon-plus/modules/api/app/controller/host.BindTemplateToGroup (5 handlers)
2018/10/19 01:38:44 debug.go:45: [GIN-debug] PUT    /api/v1/hostgroup/template --> github.com/open-falcon/falcon-plus/modules/api/app/controller/host.UnBindTemplateToGroup (5 handlers)
2018/10/19 01:38:44 debug.go:45: [GIN-debug] GET    /api/v1/hostgroup/:host_group/template --> github.com/open-falcon/falcon-plus/modules/api/app/controller/host.GetTemplateOfHostGroup (5 handlers)
2018/10/19 01:38:44 debug.go:45: [GIN-debug] GET    /api/v1/host/:host_id/template --> github.com/open-falcon/falcon-plus/modules/api/app/controller/host.GetTplsRelatedHost (5 handlers)
2018/10/19 01:38:44 debug.go:45: [GIN-debug] GET    /api/v1/host/:host_id/hostgroup --> github.com/open-falcon/falcon-plus/modules/api/app/controller/host.GetGrpsRelatedHost (5 handlers)
2018/10/19 01:38:44 debug.go:45: [GIN-debug] POST   /api/v1/host/maintain     --> github.com/open-falcon/falcon-plus/modules/api/app/controller/host.SetMaintain (5 handlers)
2018/10/19 01:38:44 debug.go:45: [GIN-debug] DELETE /api/v1/host/maintain     --> github.com/open-falcon/falcon-plus/modules/api/app/controller/host.UnsetMaintain (5 handlers)
2018/10/19 01:38:44 debug.go:45: [GIN-debug] GET    /api/v1/expression        --> github.com/open-falcon/falcon-plus/modules/api/app/controller/expression.GetExpressionList (5 handlers)
2018/10/19 01:38:44 debug.go:45: [GIN-debug] GET    /api/v1/expression/:eid   --> github.com/open-falcon/falcon-plus/modules/api/app/controller/expression.GetExpression (5 handlers)
2018/10/19 01:38:44 debug.go:45: [GIN-debug] POST   /api/v1/expression        --> github.com/open-falcon/falcon-plus/modules/api/app/controller/expression.CreateExrpession (5 handlers)
2018/10/19 01:38:44 debug.go:45: [GIN-debug] PUT    /api/v1/expression        --> github.com/open-falcon/falcon-plus/modules/api/app/controller/expression.UpdateExrpession (5 handlers)
2018/10/19 01:38:44 debug.go:45: [GIN-debug] DELETE /api/v1/expression/:eid   --> github.com/open-falcon/falcon-plus/modules/api/app/controller/expression.DeleteExpression (5 handlers)
2018/10/19 01:38:44 debug.go:45: [GIN-debug] GET    /api/v1/nodata            --> github.com/open-falcon/falcon-plus/modules/api/app/controller/mockcfg.GetNoDataList (5 handlers)
2018/10/19 01:38:44 debug.go:45: [GIN-debug] GET    /api/v1/nodata/:nid       --> github.com/open-falcon/falcon-plus/modules/api/app/controller/mockcfg.GetNoData (5 handlers)
2018/10/19 01:38:44 debug.go:45: [GIN-debug] POST   /api/v1/nodata/           --> github.com/open-falcon/falcon-plus/modules/api/app/controller/mockcfg.CreateNoData (5 handlers)
2018/10/19 01:38:44 debug.go:45: [GIN-debug] PUT    /api/v1/nodata/           --> github.com/open-falcon/falcon-plus/modules/api/app/controller/mockcfg.UpdateNoData (5 handlers)
2018/10/19 01:38:44 debug.go:45: [GIN-debug] DELETE /api/v1/nodata/:nid       --> github.com/open-falcon/falcon-plus/modules/api/app/controller/mockcfg.DeleteNoData (5 handlers)
2018/10/19 01:38:44 debug.go:45: [GIN-debug] POST   /api/v1/dashboard/tmpgraph --> github.com/open-falcon/falcon-plus/modules/api/app/controller/dashboard_graph.DashboardTmpGraphCreate (5 handlers)
2018/10/19 01:38:44 debug.go:45: [GIN-debug] GET    /api/v1/dashboard/tmpgraph/:id --> github.com/open-falcon/falcon-plus/modules/api/app/controller/dashboard_graph.DashboardTmpGraphQuery (5 handlers)
2018/10/19 01:38:44 debug.go:45: [GIN-debug] POST   /api/v1/dashboard/graph   --> github.com/open-falcon/falcon-plus/modules/api/app/controller/dashboard_graph.DashboardGraphCreate (5 handlers)
2018/10/19 01:38:44 debug.go:45: [GIN-debug] PUT    /api/v1/dashboard/graph/:id --> github.com/open-falcon/falcon-plus/modules/api/app/controller/dashboard_graph.DashboardGraphUpdate (5 handlers)
2018/10/19 01:38:44 debug.go:45: [GIN-debug] GET    /api/v1/dashboard/graph/:id --> github.com/open-falcon/falcon-plus/modules/api/app/controller/dashboard_graph.DashboardGraphGet (5 handlers)
2018/10/19 01:38:44 debug.go:45: [GIN-debug] DELETE /api/v1/dashboard/graph/:id --> github.com/open-falcon/falcon-plus/modules/api/app/controller/dashboard_graph.DashboardGraphDelete (5 handlers)
2018/10/19 01:38:44 debug.go:45: [GIN-debug] GET    /api/v1/dashboard/graphs/screen/:screen_id --> github.com/open-falcon/falcon-plus/modules/api/app/controller/dashboard_graph.DashboardGraphGetsByScreenID (5 handlers)
2018/10/19 01:38:44 debug.go:45: [GIN-debug] POST   /api/v1/dashboard/screen  --> github.com/open-falcon/falcon-plus/modules/api/app/controller/dashboard_screen.ScreenCreate (5 handlers)
2018/10/19 01:38:44 debug.go:45: [GIN-debug] GET    /api/v1/dashboard/screen/:screen_id --> github.com/open-falcon/falcon-plus/modules/api/app/controller/dashboard_screen.ScreenGet (5 handlers)
2018/10/19 01:38:44 debug.go:45: [GIN-debug] GET    /api/v1/dashboard/screens/pid/:pid --> github.com/open-falcon/falcon-plus/modules/api/app/controller/dashboard_screen.ScreenGetsByPid (5 handlers)
2018/10/19 01:38:44 debug.go:45: [GIN-debug] GET    /api/v1/dashboard/screens --> github.com/open-falcon/falcon-plus/modules/api/app/controller/dashboard_screen.ScreenGetsAll (5 handlers)
2018/10/19 01:38:44 debug.go:45: [GIN-debug] DELETE /api/v1/dashboard/screen/:screen_id --> github.com/open-falcon/falcon-plus/modules/api/app/controller/dashboard_screen.ScreenDelete (5 handlers)
2018/10/19 01:38:44 debug.go:45: [GIN-debug] PUT    /api/v1/dashboard/screen/:screen_id --> github.com/open-falcon/falcon-plus/modules/api/app/controller/dashboard_screen.ScreenUpdate (5 handlers)
2018/10/19 01:38:44 debug.go:45: [GIN-debug] POST   /api/v1/alarm/eventcases  --> github.com/open-falcon/falcon-plus/modules/api/app/controller/alarm.AlarmLists (5 handlers)
2018/10/19 01:38:44 debug.go:45: [GIN-debug] GET    /api/v1/alarm/eventcases  --> github.com/open-falcon/falcon-plus/modules/api/app/controller/alarm.AlarmLists (5 handlers)
2018/10/19 01:38:44 debug.go:45: [GIN-debug] POST   /api/v1/alarm/events      --> github.com/open-falcon/falcon-plus/modules/api/app/controller/alarm.EventsGet (5 handlers)
2018/10/19 01:38:44 debug.go:45: [GIN-debug] GET    /api/v1/alarm/events      --> github.com/open-falcon/falcon-plus/modules/api/app/controller/alarm.EventsGet (5 handlers)
2018/10/19 01:38:44 debug.go:45: [GIN-debug] POST   /api/v1/alarm/event_note  --> github.com/open-falcon/falcon-plus/modules/api/app/controller/alarm.AddNotesToAlarm (5 handlers)
2018/10/19 01:38:44 debug.go:45: [GIN-debug] GET    /api/v1/alarm/event_note  --> github.com/open-falcon/falcon-plus/modules/api/app/controller/alarm.GetNotesOfAlarm (5 handlers)
2018/10/19 01:38:44 debug.go:45: [GIN-debug] Listening and serving HTTP on 0.0.0.0:8080
time="2018-10-19T01:38:51Z" level=debug msg="salf is " 
time="2018-10-19T01:38:51Z" level=error msg="salt is empty, please check your conf" 
time="2018-10-19T01:38:57Z" level=debug msg="salf is " 
time="2018-10-19T01:38:57Z" level=error msg="salt is empty, please check your conf" 
time="2018-10-19T01:38:58Z" level=debug msg="salf is " 
time="2018-10-19T01:38:58Z" level=error msg="salt is empty, please check your conf" 
time="2018-10-19T01:39:45Z" level=debug msg="salf is " 
time="2018-10-19T01:39:45Z" level=error msg="salt is empty, please check your conf" 
time="2018-10-19T01:39:45Z" level=debug msg="{1 1 db685229d33f11e8aeda0242ac130004 1542505185}" 
time="2018-10-19T01:39:51Z" level=debug msg="salf is " 
time="2018-10-19T01:39:51Z" level=error msg="salt is empty, please check your conf" 
time="2018-10-19T01:39:51Z" level=debug msg="session: {1 1 db685229d33f11e8aeda0242ac130004 1542505185}" 
time="2018-10-19T01:39:52Z" level=debug msg="header: map[Apitoken:[{\"sig\": \"db685229d33f11e8aeda0242ac130004\", \"name\": \"root\"}] User-Agent:[python-requests/2.3.0 CPython/2.7.15 Linux/4.9.93-linuxkit-aufs] Content-Type:[application/json] Accept-Encoding:[gzip, deflate] Accept:[*/*]], apiToken: {\"sig\": \"db685229d33f11e8aeda0242ac130004\", \"name\": \"root\"}" 
time="2018-10-19T01:39:52Z" level=debug msg="session got name: root" 
time="2018-10-19T01:39:52Z" level=debug msg="session got sig: db685229d33f11e8aeda0242ac130004" 
time="2018-10-19T01:39:52Z" level=debug msg="header: map[User-Agent:[python-requests/2.3.0 CPython/2.7.15 Linux/4.9.93-linuxkit-aufs] Content-Type:[application/json] Accept-Encoding:[gzip, deflate] Accept:[*/*] Apitoken:[{\"sig\": \"db685229d33f11e8aeda0242ac130004\", \"name\": \"root\"}]], apiToken: {\"sig\": \"db685229d33f11e8aeda0242ac130004\", \"name\": \"root\"}" 
time="2018-10-19T01:39:52Z" level=debug msg="session got name: root" 
time="2018-10-19T01:39:52Z" level=debug msg="session got sig: db685229d33f11e8aeda0242ac130004" 
time="2018-10-19T01:39:52Z" level=debug msg="header: map[User-Agent:[python-requests/2.3.0 CPython/2.7.15 Linux/4.9.93-linuxkit-aufs] Content-Type:[application/json] Accept-Encoding:[gzip, deflate] Accept:[*/*] Apitoken:[{\"sig\": \"db685229d33f11e8aeda0242ac130004\", \"name\": \"root\"}]], apiToken: {\"sig\": \"db685229d33f11e8aeda0242ac130004\", \"name\": \"root\"}" 
time="2018-10-19T01:39:52Z" level=debug msg="session got name: root" 
time="2018-10-19T01:39:52Z" level=debug msg="session got sig: db685229d33f11e8aeda0242ac130004" 
time="2018-10-19T01:39:52Z" level=debug msg="header: map[Content-Type:[application/json] Accept-Encoding:[gzip, deflate] Accept:[*/*] Apitoken:[{\"sig\": \"db685229d33f11e8aeda0242ac130004\", \"name\": \"root\"}] User-Agent:[python-requests/2.3.0 CPython/2.7.15 Linux/4.9.93-linuxkit-aufs]], apiToken: {\"sig\": \"db685229d33f11e8aeda0242ac130004\", \"name\": \"root\"}" 
time="2018-10-19T01:39:52Z" level=debug msg="session got name: root" 
time="2018-10-19T01:39:52Z" level=debug msg="session got sig: db685229d33f11e8aeda0242ac130004" 
time="2018-10-19T01:39:52Z" level=debug msg="header: map[User-Agent:[python-requests/2.3.0 CPython/2.7.15 Linux/4.9.93-linuxkit-aufs] Content-Type:[application/json] Accept-Encoding:[gzip, deflate] Accept:[*/*] Apitoken:[{\"sig\": \"db685229d33f11e8aeda0242ac130004\", \"name\": \"root\"}]], apiToken: {\"sig\": \"db685229d33f11e8aeda0242ac130004\", \"name\": \"root\"}" 
time="2018-10-19T01:39:52Z" level=debug msg="session got name: root" 
time="2018-10-19T01:39:52Z" level=debug msg="session got sig: db685229d33f11e8aeda0242ac130004" 
time="2018-10-19T01:39:53Z" level=debug msg="header: map[Accept:[*/*] Apitoken:[{\"sig\": \"db685229d33f11e8aeda0242ac130004\", \"name\": \"root\"}] User-Agent:[python-requests/2.3.0 CPython/2.7.15 Linux/4.9.93-linuxkit-aufs] Content-Type:[application/json] Accept-Encoding:[gzip, deflate]], apiToken: {\"sig\": \"db685229d33f11e8aeda0242ac130004\", \"name\": \"root\"}" 
time="2018-10-19T01:39:53Z" level=debug msg="session got name: root" 
time="2018-10-19T01:39:53Z" level=debug msg="session got sig: db685229d33f11e8aeda0242ac130004" 
2018/10/22 07:00:33 debug.go:45: [GIN-debug] [WARNING] Running in "debug" mode. Switch to "release" mode in production.
 - using env:	export GIN_MODE=release
 - using code:	gin.SetMode(gin.ReleaseMode)

time="2018-10-22T07:00:33Z" level=info msg="graph.Start ok" 
time="2018-10-22T07:00:33Z" level=debug msg="will start with port:0.0.0.0:8080" 
2018/10/22 07:00:33 debug.go:45: [GIN-debug] GET    /                         --> github.com/open-falcon/falcon-plus/modules/api/app/controller.StartGin.func1 (4 handlers)
2018/10/22 07:00:33 debug.go:45: [GIN-debug] GET    /api/v1/graph/endpointobj --> github.com/open-falcon/falcon-plus/modules/api/app/controller/graph.EndpointObjGet (5 handlers)
2018/10/22 07:00:33 debug.go:45: [GIN-debug] GET    /api/v1/graph/endpoint    --> github.com/open-falcon/falcon-plus/modules/api/app/controller/graph.EndpointRegexpQuery (5 handlers)
2018/10/22 07:00:33 debug.go:45: [GIN-debug] GET    /api/v1/graph/endpoint_counter --> github.com/open-falcon/falcon-plus/modules/api/app/controller/graph.EndpointCounterRegexpQuery (5 handlers)
2018/10/22 07:00:33 debug.go:45: [GIN-debug] POST   /api/v1/graph/history     --> github.com/open-falcon/falcon-plus/modules/api/app/controller/graph.QueryGraphDrawData (5 handlers)
2018/10/22 07:00:33 debug.go:45: [GIN-debug] POST   /api/v1/graph/lastpoint   --> github.com/open-falcon/falcon-plus/modules/api/app/controller/graph.QueryGraphLastPoint (5 handlers)
2018/10/22 07:00:33 debug.go:45: [GIN-debug] DELETE /api/v1/graph/endpoint    --> github.com/open-falcon/falcon-plus/modules/api/app/controller/graph.DeleteGraphEndpoint (5 handlers)
2018/10/22 07:00:33 debug.go:45: [GIN-debug] DELETE /api/v1/graph/counter     --> github.com/open-falcon/falcon-plus/modules/api/app/controller/graph.DeleteGraphCounter (5 handlers)
2018/10/22 07:00:33 debug.go:45: [GIN-debug] GET    /api/v1/grafana           --> github.com/open-falcon/falcon-plus/modules/api/app/controller/graph.GrafanaMainQuery (4 handlers)
2018/10/22 07:00:33 debug.go:45: [GIN-debug] GET    /api/v1/grafana/metrics/find --> github.com/open-falcon/falcon-plus/modules/api/app/controller/graph.GrafanaMainQuery (4 handlers)
2018/10/22 07:00:33 debug.go:45: [GIN-debug] POST   /api/v1/grafana/render    --> github.com/open-falcon/falcon-plus/modules/api/app/controller/graph.GrafanaRender (4 handlers)
2018/10/22 07:00:33 debug.go:45: [GIN-debug] GET    /api/v1/grafana/render    --> github.com/open-falcon/falcon-plus/modules/api/app/controller/graph.GrafanaRender (4 handlers)
2018/10/22 07:00:33 debug.go:45: [GIN-debug] GET    /api/v1/user/auth_session --> github.com/open-falcon/falcon-plus/modules/api/app/controller/uic.AuthSession (4 handlers)
2018/10/22 07:00:33 debug.go:45: [GIN-debug] POST   /api/v1/user/login        --> github.com/open-falcon/falcon-plus/modules/api/app/controller/uic.Login (4 handlers)
2018/10/22 07:00:33 debug.go:45: [GIN-debug] GET    /api/v1/user/logout       --> github.com/open-falcon/falcon-plus/modules/api/app/controller/uic.Logout (4 handlers)
2018/10/22 07:00:33 debug.go:45: [GIN-debug] POST   /api/v1/user/create       --> github.com/open-falcon/falcon-plus/modules/api/app/controller/uic.CreateUser (4 handlers)
2018/10/22 07:00:33 debug.go:45: [GIN-debug] GET    /api/v1/user/current      --> github.com/open-falcon/falcon-plus/modules/api/app/controller/uic.UserInfo (5 handlers)
2018/10/22 07:00:33 debug.go:45: [GIN-debug] GET    /api/v1/user/u/:uid       --> github.com/open-falcon/falcon-plus/modules/api/app/controller/uic.GetUser (5 handlers)
2018/10/22 07:00:33 debug.go:45: [GIN-debug] GET    /api/v1/user/name/:user_name --> github.com/open-falcon/falcon-plus/modules/api/app/controller/uic.GetUserByName (5 handlers)
2018/10/22 07:00:33 debug.go:45: [GIN-debug] PUT    /api/v1/user/update       --> github.com/open-falcon/falcon-plus/modules/api/app/controller/uic.UpdateCurrentUser (5 handlers)
2018/10/22 07:00:33 debug.go:45: [GIN-debug] PUT    /api/v1/user/cgpasswd     --> github.com/open-falcon/falcon-plus/modules/api/app/controller/uic.ChangePassword (5 handlers)
2018/10/22 07:00:33 debug.go:45: [GIN-debug] GET    /api/v1/user/users        --> github.com/open-falcon/falcon-plus/modules/api/app/controller/uic.UserList (5 handlers)
2018/10/22 07:00:33 debug.go:45: [GIN-debug] GET    /api/v1/user/u/:uid/in_teams --> github.com/open-falcon/falcon-plus/modules/api/app/controller/uic.IsUserInTeams (5 handlers)
2018/10/22 07:00:33 debug.go:45: [GIN-debug] GET    /api/v1/user/u/:uid/teams --> github.com/open-falcon/falcon-plus/modules/api/app/controller/uic.GetUserTeams (5 handlers)
2018/10/22 07:00:33 debug.go:45: [GIN-debug] PUT    /api/v1/admin/change_user_role --> github.com/open-falcon/falcon-plus/modules/api/app/controller/uic.ChangeRoleOfUser (5 handlers)
2018/10/22 07:00:33 debug.go:45: [GIN-debug] PUT    /api/v1/admin/change_user_passwd --> github.com/open-falcon/falcon-plus/modules/api/app/controller/uic.AdminChangePassword (5 handlers)
2018/10/22 07:00:33 debug.go:45: [GIN-debug] PUT    /api/v1/admin/change_user_profile --> github.com/open-falcon/falcon-plus/modules/api/app/controller/uic.AdminChangeUserProfile (5 handlers)
2018/10/22 07:00:33 debug.go:45: [GIN-debug] DELETE /api/v1/admin/delete_user --> github.com/open-falcon/falcon-plus/modules/api/app/controller/uic.AdminUserDelete (5 handlers)
2018/10/22 07:00:33 debug.go:45: [GIN-debug] GET    /api/v1/team              --> github.com/open-falcon/falcon-plus/modules/api/app/controller/uic.Teams (5 handlers)
2018/10/22 07:00:33 debug.go:45: [GIN-debug] GET    /api/v1/team/t/:team_id   --> github.com/open-falcon/falcon-plus/modules/api/app/controller/uic.GetTeam (5 handlers)
2018/10/22 07:00:33 debug.go:45: [GIN-debug] GET    /api/v1/team/name/:team_name --> github.com/open-falcon/falcon-plus/modules/api/app/controller/uic.GetTeamByName (5 handlers)
2018/10/22 07:00:33 debug.go:45: [GIN-debug] POST   /api/v1/team              --> github.com/open-falcon/falcon-plus/modules/api/app/controller/uic.CreateTeam (5 handlers)
2018/10/22 07:00:33 debug.go:45: [GIN-debug] PUT    /api/v1/team              --> github.com/open-falcon/falcon-plus/modules/api/app/controller/uic.UpdateTeam (5 handlers)
2018/10/22 07:00:33 debug.go:45: [GIN-debug] DELETE /api/v1/team/:team_id     --> github.com/open-falcon/falcon-plus/modules/api/app/controller/uic.DeleteTeam (5 handlers)
2018/10/22 07:00:33 debug.go:45: [GIN-debug] GET    /api/v1/template          --> github.com/open-falcon/falcon-plus/modules/api/app/controller/template.GetTemplates (5 handlers)
2018/10/22 07:00:33 debug.go:45: [GIN-debug] POST   /api/v1/template          --> github.com/open-falcon/falcon-plus/modules/api/app/controller/template.CreateTemplate (5 handlers)
2018/10/22 07:00:33 debug.go:45: [GIN-debug] GET    /api/v1/template/:tpl_id  --> github.com/open-falcon/falcon-plus/modules/api/app/controller/template.GetATemplate (5 handlers)
2018/10/22 07:00:33 debug.go:45: [GIN-debug] PUT    /api/v1/template          --> github.com/open-falcon/falcon-plus/modules/api/app/controller/template.UpdateTemplate (5 handlers)
2018/10/22 07:00:33 debug.go:45: [GIN-debug] GET    /api/v1/template/:tpl_id/hostgroup --> github.com/open-falcon/falcon-plus/modules/api/app/controller/template.GetATemplateHostgroup (5 handlers)
2018/10/22 07:00:33 debug.go:45: [GIN-debug] DELETE /api/v1/template/:tpl_id  --> github.com/open-falcon/falcon-plus/modules/api/app/controller/template.DeleteTemplate (5 handlers)
2018/10/22 07:00:33 debug.go:45: [GIN-debug] POST   /api/v1/template/action   --> github.com/open-falcon/falcon-plus/modules/api/app/controller/template.CreateActionToTmplate (5 handlers)
2018/10/22 07:00:33 debug.go:45: [GIN-debug] PUT    /api/v1/template/action   --> github.com/open-falcon/falcon-plus/modules/api/app/controller/template.UpdateActionToTmplate (5 handlers)
2018/10/22 07:00:33 debug.go:45: [GIN-debug] GET    /api/v1/action/:act_id    --> github.com/open-falcon/falcon-plus/modules/api/app/controller/template.GetActionByID (4 handlers)
2018/10/22 07:00:33 debug.go:45: [GIN-debug] GET    /api/v1/template_simple   --> github.com/open-falcon/falcon-plus/modules/api/app/controller/template.GetTemplatesSimple (4 handlers)
2018/10/22 07:00:33 debug.go:45: [GIN-debug] GET    /api/v1/strategy          --> github.com/open-falcon/falcon-plus/modules/api/app/controller/strategy.GetStrategys (5 handlers)
2018/10/22 07:00:33 debug.go:45: [GIN-debug] GET    /api/v1/strategy/:sid     --> github.com/open-falcon/falcon-plus/modules/api/app/controller/strategy.GetStrategy (5 handlers)
2018/10/22 07:00:33 debug.go:45: [GIN-debug] POST   /api/v1/strategy          --> github.com/open-falcon/falcon-plus/modules/api/app/controller/strategy.CreateStrategy (5 handlers)
2018/10/22 07:00:33 debug.go:45: [GIN-debug] PUT    /api/v1/strategy          --> github.com/open-falcon/falcon-plus/modules/api/app/controller/strategy.UpdateStrategy (5 handlers)
2018/10/22 07:00:33 debug.go:45: [GIN-debug] DELETE /api/v1/strategy/:sid     --> github.com/open-falcon/falcon-plus/modules/api/app/controller/strategy.DeleteStrategy (5 handlers)
2018/10/22 07:00:33 debug.go:45: [GIN-debug] GET    /api/v1/metric/default_list --> github.com/open-falcon/falcon-plus/modules/api/app/controller/strategy.MetricQuery (5 handlers)
2018/10/22 07:00:33 debug.go:45: [GIN-debug] GET    /api/v1/hostgroup         --> github.com/open-falcon/falcon-plus/modules/api/app/controller/host.GetHostGroups (5 handlers)
2018/10/22 07:00:33 debug.go:45: [GIN-debug] POST   /api/v1/hostgroup         --> github.com/open-falcon/falcon-plus/modules/api/app/controller/host.CrateHostGroup (5 handlers)
2018/10/22 07:00:33 debug.go:45: [GIN-debug] POST   /api/v1/hostgroup/host    --> github.com/open-falcon/falcon-plus/modules/api/app/controller/host.BindHostToHostGroup (5 handlers)
2018/10/22 07:00:33 debug.go:45: [GIN-debug] PUT    /api/v1/hostgroup/host    --> github.com/open-falcon/falcon-plus/modules/api/app/controller/host.UnBindAHostToHostGroup (5 handlers)
2018/10/22 07:00:33 debug.go:45: [GIN-debug] GET    /api/v1/hostgroup/:host_group --> github.com/open-falcon/falcon-plus/modules/api/app/controller/host.GetHostGroup (5 handlers)
2018/10/22 07:00:33 debug.go:45: [GIN-debug] PUT    /api/v1/hostgroup         --> github.com/open-falcon/falcon-plus/modules/api/app/controller/host.PutHostGroup (5 handlers)
2018/10/22 07:00:33 debug.go:45: [GIN-debug] DELETE /api/v1/hostgroup/:host_group --> github.com/open-falcon/falcon-plus/modules/api/app/controller/host.DeleteHostGroup (5 handlers)
2018/10/22 07:00:33 debug.go:45: [GIN-debug] PATCH  /api/v1/hostgroup/:host_group/host --> github.com/open-falcon/falcon-plus/modules/api/app/controller/host.PatchHostGroupHost (5 handlers)
2018/10/22 07:00:33 debug.go:45: [GIN-debug] GET    /api/v1/hostgroup/:host_group/plugins --> github.com/open-falcon/falcon-plus/modules/api/app/controller/host.GetPluginOfGrp (5 handlers)
2018/10/22 07:00:33 debug.go:45: [GIN-debug] POST   /api/v1/plugin            --> github.com/open-falcon/falcon-plus/modules/api/app/controller/host.CreatePlugin (5 handlers)
2018/10/22 07:00:33 debug.go:45: [GIN-debug] DELETE /api/v1/plugin/:id        --> github.com/open-falcon/falcon-plus/modules/api/app/controller/host.DeletePlugin (5 handlers)
2018/10/22 07:00:33 debug.go:45: [GIN-debug] GET    /api/v1/hostgroup/:host_group/aggregators --> github.com/open-falcon/falcon-plus/modules/api/app/controller/host.GetAggregatorListOfGrp (5 handlers)
2018/10/22 07:00:33 debug.go:45: [GIN-debug] GET    /api/v1/aggregator/:id    --> github.com/open-falcon/falcon-plus/modules/api/app/controller/host.GetAggregator (5 handlers)
2018/10/22 07:00:33 debug.go:45: [GIN-debug] POST   /api/v1/aggregator        --> github.com/open-falcon/falcon-plus/modules/api/app/controller/host.CreateAggregator (5 handlers)
2018/10/22 07:00:33 debug.go:45: [GIN-debug] PUT    /api/v1/aggregator        --> github.com/open-falcon/falcon-plus/modules/api/app/controller/host.UpdateAggregator (5 handlers)
2018/10/22 07:00:33 debug.go:45: [GIN-debug] DELETE /api/v1/aggregator/:id    --> github.com/open-falcon/falcon-plus/modules/api/app/controller/host.DeleteAggregator (5 handlers)
2018/10/22 07:00:33 debug.go:45: [GIN-debug] POST   /api/v1/hostgroup/template --> github.com/open-falcon/falcon-plus/modules/api/app/controller/host.BindTemplateToGroup (5 handlers)
2018/10/22 07:00:33 debug.go:45: [GIN-debug] PUT    /api/v1/hostgroup/template --> github.com/open-falcon/falcon-plus/modules/api/app/controller/host.UnBindTemplateToGroup (5 handlers)
2018/10/22 07:00:33 debug.go:45: [GIN-debug] GET    /api/v1/hostgroup/:host_group/template --> github.com/open-falcon/falcon-plus/modules/api/app/controller/host.GetTemplateOfHostGroup (5 handlers)
2018/10/22 07:00:33 debug.go:45: [GIN-debug] GET    /api/v1/host/:host_id/template --> github.com/open-falcon/falcon-plus/modules/api/app/controller/host.GetTplsRelatedHost (5 handlers)
2018/10/22 07:00:33 debug.go:45: [GIN-debug] GET    /api/v1/host/:host_id/hostgroup --> github.com/open-falcon/falcon-plus/modules/api/app/controller/host.GetGrpsRelatedHost (5 handlers)
2018/10/22 07:00:33 debug.go:45: [GIN-debug] POST   /api/v1/host/maintain     --> github.com/open-falcon/falcon-plus/modules/api/app/controller/host.SetMaintain (5 handlers)
2018/10/22 07:00:33 debug.go:45: [GIN-debug] DELETE /api/v1/host/maintain     --> github.com/open-falcon/falcon-plus/modules/api/app/controller/host.UnsetMaintain (5 handlers)
2018/10/22 07:00:33 debug.go:45: [GIN-debug] GET    /api/v1/expression        --> github.com/open-falcon/falcon-plus/modules/api/app/controller/expression.GetExpressionList (5 handlers)
2018/10/22 07:00:33 debug.go:45: [GIN-debug] GET    /api/v1/expression/:eid   --> github.com/open-falcon/falcon-plus/modules/api/app/controller/expression.GetExpression (5 handlers)
2018/10/22 07:00:33 debug.go:45: [GIN-debug] POST   /api/v1/expression        --> github.com/open-falcon/falcon-plus/modules/api/app/controller/expression.CreateExrpession (5 handlers)
2018/10/22 07:00:33 debug.go:45: [GIN-debug] PUT    /api/v1/expression        --> github.com/open-falcon/falcon-plus/modules/api/app/controller/expression.UpdateExrpession (5 handlers)
2018/10/22 07:00:33 debug.go:45: [GIN-debug] DELETE /api/v1/expression/:eid   --> github.com/open-falcon/falcon-plus/modules/api/app/controller/expression.DeleteExpression (5 handlers)
2018/10/22 07:00:33 debug.go:45: [GIN-debug] GET    /api/v1/nodata            --> github.com/open-falcon/falcon-plus/modules/api/app/controller/mockcfg.GetNoDataList (5 handlers)
2018/10/22 07:00:33 debug.go:45: [GIN-debug] GET    /api/v1/nodata/:nid       --> github.com/open-falcon/falcon-plus/modules/api/app/controller/mockcfg.GetNoData (5 handlers)
2018/10/22 07:00:33 debug.go:45: [GIN-debug] POST   /api/v1/nodata/           --> github.com/open-falcon/falcon-plus/modules/api/app/controller/mockcfg.CreateNoData (5 handlers)
2018/10/22 07:00:33 debug.go:45: [GIN-debug] PUT    /api/v1/nodata/           --> github.com/open-falcon/falcon-plus/modules/api/app/controller/mockcfg.UpdateNoData (5 handlers)
2018/10/22 07:00:33 debug.go:45: [GIN-debug] DELETE /api/v1/nodata/:nid       --> github.com/open-falcon/falcon-plus/modules/api/app/controller/mockcfg.DeleteNoData (5 handlers)
2018/10/22 07:00:33 debug.go:45: [GIN-debug] POST   /api/v1/dashboard/tmpgraph --> github.com/open-falcon/falcon-plus/modules/api/app/controller/dashboard_graph.DashboardTmpGraphCreate (5 handlers)
2018/10/22 07:00:33 debug.go:45: [GIN-debug] GET    /api/v1/dashboard/tmpgraph/:id --> github.com/open-falcon/falcon-plus/modules/api/app/controller/dashboard_graph.DashboardTmpGraphQuery (5 handlers)
2018/10/22 07:00:33 debug.go:45: [GIN-debug] POST   /api/v1/dashboard/graph   --> github.com/open-falcon/falcon-plus/modules/api/app/controller/dashboard_graph.DashboardGraphCreate (5 handlers)
2018/10/22 07:00:33 debug.go:45: [GIN-debug] PUT    /api/v1/dashboard/graph/:id --> github.com/open-falcon/falcon-plus/modules/api/app/controller/dashboard_graph.DashboardGraphUpdate (5 handlers)
2018/10/22 07:00:33 debug.go:45: [GIN-debug] GET    /api/v1/dashboard/graph/:id --> github.com/open-falcon/falcon-plus/modules/api/app/controller/dashboard_graph.DashboardGraphGet (5 handlers)
2018/10/22 07:00:33 debug.go:45: [GIN-debug] DELETE /api/v1/dashboard/graph/:id --> github.com/open-falcon/falcon-plus/modules/api/app/controller/dashboard_graph.DashboardGraphDelete (5 handlers)
2018/10/22 07:00:33 debug.go:45: [GIN-debug] GET    /api/v1/dashboard/graphs/screen/:screen_id --> github.com/open-falcon/falcon-plus/modules/api/app/controller/dashboard_graph.DashboardGraphGetsByScreenID (5 handlers)
2018/10/22 07:00:33 debug.go:45: [GIN-debug] POST   /api/v1/dashboard/screen  --> github.com/open-falcon/falcon-plus/modules/api/app/controller/dashboard_screen.ScreenCreate (5 handlers)
2018/10/22 07:00:33 debug.go:45: [GIN-debug] GET    /api/v1/dashboard/screen/:screen_id --> github.com/open-falcon/falcon-plus/modules/api/app/controller/dashboard_screen.ScreenGet (5 handlers)
2018/10/22 07:00:33 debug.go:45: [GIN-debug] GET    /api/v1/dashboard/screens/pid/:pid --> github.com/open-falcon/falcon-plus/modules/api/app/controller/dashboard_screen.ScreenGetsByPid (5 handlers)
2018/10/22 07:00:33 debug.go:45: [GIN-debug] GET    /api/v1/dashboard/screens --> github.com/open-falcon/falcon-plus/modules/api/app/controller/dashboard_screen.ScreenGetsAll (5 handlers)
2018/10/22 07:00:33 debug.go:45: [GIN-debug] DELETE /api/v1/dashboard/screen/:screen_id --> github.com/open-falcon/falcon-plus/modules/api/app/controller/dashboard_screen.ScreenDelete (5 handlers)
2018/10/22 07:00:33 debug.go:45: [GIN-debug] PUT    /api/v1/dashboard/screen/:screen_id --> github.com/open-falcon/falcon-plus/modules/api/app/controller/dashboard_screen.ScreenUpdate (5 handlers)
2018/10/22 07:00:33 debug.go:45: [GIN-debug] POST   /api/v1/alarm/eventcases  --> github.com/open-falcon/falcon-plus/modules/api/app/controller/alarm.AlarmLists (5 handlers)
2018/10/22 07:00:33 debug.go:45: [GIN-debug] GET    /api/v1/alarm/eventcases  --> github.com/open-falcon/falcon-plus/modules/api/app/controller/alarm.AlarmLists (5 handlers)
2018/10/22 07:00:33 debug.go:45: [GIN-debug] POST   /api/v1/alarm/events      --> github.com/open-falcon/falcon-plus/modules/api/app/controller/alarm.EventsGet (5 handlers)
2018/10/22 07:00:33 debug.go:45: [GIN-debug] GET    /api/v1/alarm/events      --> github.com/open-falcon/falcon-plus/modules/api/app/controller/alarm.EventsGet (5 handlers)
2018/10/22 07:00:33 debug.go:45: [GIN-debug] POST   /api/v1/alarm/event_note  --> github.com/open-falcon/falcon-plus/modules/api/app/controller/alarm.AddNotesToAlarm (5 handlers)
2018/10/22 07:00:33 debug.go:45: [GIN-debug] GET    /api/v1/alarm/event_note  --> github.com/open-falcon/falcon-plus/modules/api/app/controller/alarm.GetNotesOfAlarm (5 handlers)
2018/10/22 07:00:33 debug.go:45: [GIN-debug] Listening and serving HTTP on 0.0.0.0:8080
time="2018-10-22T07:02:15Z" level=debug msg="salf is " 
time="2018-10-22T07:02:15Z" level=error msg="salt is empty, please check your conf" 
time="2018-10-22T07:02:22Z" level=debug msg="salf is " 
time="2018-10-22T07:02:22Z" level=error msg="salt is empty, please check your conf" 
time="2018-10-22T07:02:29Z" level=debug msg="salf is " 
time="2018-10-22T07:02:29Z" level=error msg="salt is empty, please check your conf" 
