2018/10/18 14:55:19 cfg.go:79: read config file: /open-falcon/hbs/config/cfg.json successfully
2018/10/18 14:55:19 cache.go:23: cache begin
2018/10/18 14:55:19 cache.go:25: #1 GroupPlugins...
2018/10/18 14:55:19 cache.go:28: #2 GroupTemplates...
2018/10/18 14:55:19 cache.go:31: #3 HostGroupsMap...
2018/10/18 14:55:19 cache.go:34: #4 HostMap...
2018/10/18 14:55:19 cache.go:37: #5 TemplateCache...
2018/10/18 14:55:19 cache.go:40: #6 Strategies...
2018/10/18 14:55:19 cache.go:43: #7 HostTemplateIds...
2018/10/18 14:55:19 cache.go:46: #8 ExpressionCache...
2018/10/18 14:55:19 cache.go:49: #9 MonitoredHosts...
2018/10/18 14:55:19 cache.go:52: cache done
2018/10/18 14:55:19 http.go:74: http listening 0.0.0.0:6031
2018/10/18 14:55:19 rpc.go:42: listening :6030
2018/10/19 01:38:36 cfg.go:79: read config file: /open-falcon/hbs/config/cfg.json successfully
2018/10/19 01:38:36 cache.go:23: cache begin
2018/10/19 01:38:36 cache.go:25: #1 GroupPlugins...
2018/10/19 01:38:36 cache.go:28: #2 GroupTemplates...
2018/10/19 01:38:36 cache.go:31: #3 HostGroupsMap...
2018/10/19 01:38:36 cache.go:34: #4 HostMap...
2018/10/19 01:38:36 cache.go:37: #5 TemplateCache...
2018/10/19 01:38:36 cache.go:40: #6 Strategies...
2018/10/19 01:38:36 cache.go:43: #7 HostTemplateIds...
2018/10/19 01:38:36 cache.go:46: #8 ExpressionCache...
2018/10/19 01:38:36 cache.go:49: #9 MonitoredHosts...
2018/10/19 01:38:36 cache.go:52: cache done
2018/10/19 01:38:36 http.go:74: http listening 0.0.0.0:6031
2018/10/19 01:38:36 rpc.go:42: listening :6030
2018/10/22 07:00:24 cfg.go:79: read config file: /open-falcon/hbs/config/cfg.json successfully
2018/10/22 07:00:24 cache.go:23: cache begin
2018/10/22 07:00:24 cache.go:25: #1 GroupPlugins...
2018/10/22 07:00:24 cache.go:28: #2 GroupTemplates...
2018/10/22 07:00:24 cache.go:31: #3 HostGroupsMap...
2018/10/22 07:00:24 cache.go:34: #4 HostMap...
2018/10/22 07:00:24 cache.go:37: #5 TemplateCache...
2018/10/22 07:00:24 cache.go:40: #6 Strategies...
2018/10/22 07:00:24 cache.go:43: #7 HostTemplateIds...
2018/10/22 07:00:24 cache.go:46: #8 ExpressionCache...
2018/10/22 07:00:24 cache.go:49: #9 MonitoredHosts...
2018/10/22 07:00:24 cache.go:52: cache done
2018/10/22 07:00:24 http.go:74: http listening 0.0.0.0:6031
2018/10/22 07:00:24 rpc.go:42: listening :6030
