2018-10-18 14:48:54,138 CRIT Supervisor running as root (no user in config file)
2018-10-18 14:48:54,190 INFO RPC interface 'supervisor' initialized
2018-10-18 14:48:54,192 CRIT Server 'unix_http_server' running without any HTTP authentication checking
2018-10-18 14:48:54,193 INFO supervisord started with pid 1
2018-10-18 14:55:18,116 INFO spawned: 'graph' with pid 60
2018-10-18 14:55:19,193 INFO success: graph entered RUNNING state, process has stayed up for > than 1 seconds (startsecs)
2018-10-18 14:55:19,208 INFO spawned: 'hbs' with pid 69
2018-10-18 14:55:20,410 INFO success: hbs entered RUNNING state, process has stayed up for > than 1 seconds (startsecs)
2018-10-18 14:55:20,426 INFO spawned: 'judge' with pid 77
2018-10-18 14:55:21,469 INFO success: judge entered RUNNING state, process has stayed up for > than 1 seconds (startsecs)
2018-10-18 14:55:21,492 INFO spawned: 'transfer' with pid 83
2018-10-18 14:55:22,532 INFO success: transfer entered RUNNING state, process has stayed up for > than 1 seconds (startsecs)
2018-10-18 14:55:22,548 INFO spawned: 'nodata' with pid 90
2018-10-18 14:55:23,592 INFO success: nodata entered RUNNING state, process has stayed up for > than 1 seconds (startsecs)
2018-10-18 14:55:23,610 INFO spawned: 'aggregator' with pid 97
2018-10-18 14:55:24,657 INFO success: aggregator entered RUNNING state, process has stayed up for > than 1 seconds (startsecs)
2018-10-18 14:55:24,671 INFO spawned: 'agent' with pid 106
2018-10-18 14:55:25,704 INFO success: agent entered RUNNING state, process has stayed up for > than 1 seconds (startsecs)
2018-10-18 14:55:25,720 INFO spawned: 'gateway' with pid 113
2018-10-18 14:55:26,762 INFO success: gateway entered RUNNING state, process has stayed up for > than 1 seconds (startsecs)
2018-10-18 14:55:26,786 INFO spawned: 'api' with pid 120
2018-10-18 14:55:27,903 INFO success: api entered RUNNING state, process has stayed up for > than 1 seconds (startsecs)
2018-10-18 14:55:27,922 INFO spawned: 'alarm' with pid 128
2018-10-18 14:55:28,999 INFO success: alarm entered RUNNING state, process has stayed up for > than 1 seconds (startsecs)
2018-10-18 15:05:01,568 WARN received SIGTERM indicating exit request
2018-10-18 15:05:01,575 INFO waiting for aggregator, alarm, transfer, agent, api, graph, judge, nodata, gateway, hbs to die
2018-10-18 15:05:01,583 INFO stopped: hbs (exit status 0)
2018-10-18 15:05:01,591 INFO stopped: gateway (terminated by SIGTERM)
2018-10-18 15:05:01,600 INFO stopped: nodata (terminated by SIGTERM)
2018-10-18 15:05:01,607 INFO stopped: judge (terminated by SIGTERM)
2018-10-18 15:05:02,043 INFO stopped: graph (exit status 0)
2018-10-18 15:05:02,053 INFO stopped: api (exit status 0)
2018-10-18 15:05:02,058 INFO stopped: agent (terminated by SIGTERM)
2018-10-18 15:05:02,066 INFO stopped: transfer (terminated by SIGTERM)
2018-10-18 15:05:02,077 INFO stopped: alarm (exit status 0)
2018-10-18 15:05:02,084 INFO stopped: aggregator (exit status 0)
2018-10-18 15:06:46,142 CRIT Supervisor running as root (no user in config file)
2018-10-18 15:06:46,210 INFO RPC interface 'supervisor' initialized
2018-10-18 15:06:46,238 CRIT Server 'unix_http_server' running without any HTTP authentication checking
2018-10-18 15:06:46,240 INFO supervisord started with pid 1
2018-10-18 15:28:24,259 WARN received SIGTERM indicating exit request
2018-10-18 15:28:40,297 CRIT Supervisor running as root (no user in config file)
2018-10-18 15:28:40,335 INFO RPC interface 'supervisor' initialized
2018-10-18 15:28:40,340 CRIT Server 'unix_http_server' running without any HTTP authentication checking
2018-10-18 15:28:40,345 INFO supervisord started with pid 1
2018-10-19 01:38:34,752 INFO spawned: 'graph' with pid 41
2018-10-19 01:38:35,938 INFO success: graph entered RUNNING state, process has stayed up for > than 1 seconds (startsecs)
2018-10-19 01:38:35,952 INFO spawned: 'hbs' with pid 50
2018-10-19 01:38:37,145 INFO success: hbs entered RUNNING state, process has stayed up for > than 1 seconds (startsecs)
2018-10-19 01:38:37,161 INFO spawned: 'judge' with pid 58
2018-10-19 01:38:38,275 INFO success: judge entered RUNNING state, process has stayed up for > than 1 seconds (startsecs)
2018-10-19 01:38:38,290 INFO spawned: 'transfer' with pid 65
2018-10-19 01:38:39,393 INFO success: transfer entered RUNNING state, process has stayed up for > than 1 seconds (startsecs)
2018-10-19 01:38:39,410 INFO spawned: 'nodata' with pid 72
2018-10-19 01:38:41,006 INFO success: nodata entered RUNNING state, process has stayed up for > than 1 seconds (startsecs)
2018-10-19 01:38:41,033 INFO spawned: 'aggregator' with pid 79
2018-10-19 01:38:42,198 INFO success: aggregator entered RUNNING state, process has stayed up for > than 1 seconds (startsecs)
2018-10-19 01:38:42,216 INFO spawned: 'agent' with pid 88
2018-10-19 01:38:43,317 INFO success: agent entered RUNNING state, process has stayed up for > than 1 seconds (startsecs)
2018-10-19 01:38:43,334 INFO spawned: 'gateway' with pid 95
2018-10-19 01:38:44,458 INFO success: gateway entered RUNNING state, process has stayed up for > than 1 seconds (startsecs)
2018-10-19 01:38:44,474 INFO spawned: 'api' with pid 102
2018-10-19 01:38:45,696 INFO success: api entered RUNNING state, process has stayed up for > than 1 seconds (startsecs)
2018-10-19 01:38:45,715 INFO spawned: 'alarm' with pid 111
2018-10-19 01:38:46,927 INFO success: alarm entered RUNNING state, process has stayed up for > than 1 seconds (startsecs)
2018-10-22 06:51:54,730 CRIT Supervisor running as root (no user in config file)
2018-10-22 06:51:54,766 INFO RPC interface 'supervisor' initialized
2018-10-22 06:51:54,769 CRIT Server 'unix_http_server' running without any HTTP authentication checking
2018-10-22 06:51:54,770 INFO supervisord started with pid 1
2018-10-22 06:56:58,874 CRIT Supervisor running as root (no user in config file)
2018-10-22 06:56:58,896 INFO RPC interface 'supervisor' initialized
2018-10-22 06:56:58,897 CRIT Server 'unix_http_server' running without any HTTP authentication checking
2018-10-22 06:56:58,899 INFO supervisord started with pid 1
2018-10-22 07:00:23,469 INFO spawned: 'graph' with pid 42
2018-10-22 07:00:24,689 INFO success: graph entered RUNNING state, process has stayed up for > than 1 seconds (startsecs)
2018-10-22 07:00:24,706 INFO spawned: 'hbs' with pid 51
2018-10-22 07:00:25,927 INFO success: hbs entered RUNNING state, process has stayed up for > than 1 seconds (startsecs)
2018-10-22 07:00:25,946 INFO spawned: 'judge' with pid 61
2018-10-22 07:00:27,062 INFO success: judge entered RUNNING state, process has stayed up for > than 1 seconds (startsecs)
2018-10-22 07:00:27,080 INFO spawned: 'transfer' with pid 67
2018-10-22 07:00:28,201 INFO success: transfer entered RUNNING state, process has stayed up for > than 1 seconds (startsecs)
2018-10-22 07:00:28,227 INFO spawned: 'nodata' with pid 74
2018-10-22 07:00:29,364 INFO success: nodata entered RUNNING state, process has stayed up for > than 1 seconds (startsecs)
2018-10-22 07:00:29,381 INFO spawned: 'aggregator' with pid 81
2018-10-22 07:00:30,542 INFO success: aggregator entered RUNNING state, process has stayed up for > than 1 seconds (startsecs)
2018-10-22 07:00:30,562 INFO spawned: 'agent' with pid 90
2018-10-22 07:00:31,687 INFO success: agent entered RUNNING state, process has stayed up for > than 1 seconds (startsecs)
2018-10-22 07:00:31,699 INFO spawned: 'gateway' with pid 97
2018-10-22 07:00:32,835 INFO success: gateway entered RUNNING state, process has stayed up for > than 1 seconds (startsecs)
2018-10-22 07:00:32,854 INFO spawned: 'api' with pid 104
2018-10-22 07:00:34,095 INFO success: api entered RUNNING state, process has stayed up for > than 1 seconds (startsecs)
2018-10-22 07:00:34,115 INFO spawned: 'alarm' with pid 113
2018-10-22 07:00:35,306 INFO success: alarm entered RUNNING state, process has stayed up for > than 1 seconds (startsecs)
