2018/10/18 14:55:27 cfg.go:113: read config file: /open-falcon/alarm/config/cfg.json successfully
2018/10/18 14:55:27 debug.go:45: [GIN-debug] [WARNING] Running in "debug" mode. Switch to "release" mode in production.
 - using env:	export GIN_MODE=release
 - using code:	gin.SetMode(gin.ReleaseMode)

2018/10/18 14:55:27 debug.go:45: [GIN-debug] GET    /version                  --> github.com/open-falcon/falcon-plus/modules/alarm/http.Version (3 handlers)
2018/10/18 14:55:27 debug.go:45: [GIN-debug] GET    /health                   --> github.com/open-falcon/falcon-plus/modules/alarm/http.Health (3 handlers)
2018/10/18 14:55:27 debug.go:45: [GIN-debug] GET    /workdir                  --> github.com/open-falcon/falcon-plus/modules/alarm/http.Workdir (3 handlers)
2018/10/18 14:55:27 debug.go:45: [GIN-debug] Listening and serving HTTP on 0.0.0.0:9912
time="2018-10-18T14:55:27Z" level=debug msg="delete event older than 2018-10-11 14:55:27, rows affected:0" 
time="2018-10-18T14:56:27Z" level=debug msg="delete event older than 2018-10-11 14:56:27, rows affected:0" 
time="2018-10-18T14:57:27Z" level=debug msg="delete event older than 2018-10-11 14:57:27, rows affected:0" 
time="2018-10-18T14:58:27Z" level=debug msg="delete event older than 2018-10-11 14:58:27, rows affected:0" 
time="2018-10-18T14:59:27Z" level=debug msg="delete event older than 2018-10-11 14:59:27, rows affected:0" 
time="2018-10-18T15:00:27Z" level=debug msg="delete event older than 2018-10-11 15:00:27, rows affected:0" 
time="2018-10-18T15:01:27Z" level=debug msg="delete event older than 2018-10-11 15:01:27, rows affected:0" 
time="2018-10-18T15:02:27Z" level=debug msg="delete event older than 2018-10-11 15:02:27, rows affected:0" 
time="2018-10-18T15:03:27Z" level=debug msg="delete event older than 2018-10-11 15:03:27, rows affected:0" 
time="2018-10-18T15:04:27Z" level=debug msg="delete event older than 2018-10-11 15:04:27, rows affected:0" 
2018/10/19 01:38:45 cfg.go:113: read config file: /open-falcon/alarm/config/cfg.json successfully
2018/10/19 01:38:45 debug.go:45: [GIN-debug] [WARNING] Running in "debug" mode. Switch to "release" mode in production.
 - using env:	export GIN_MODE=release
 - using code:	gin.SetMode(gin.ReleaseMode)

2018/10/19 01:38:45 debug.go:45: [GIN-debug] GET    /version                  --> github.com/open-falcon/falcon-plus/modules/alarm/http.Version (3 handlers)
2018/10/19 01:38:45 debug.go:45: [GIN-debug] GET    /health                   --> github.com/open-falcon/falcon-plus/modules/alarm/http.Health (3 handlers)
2018/10/19 01:38:45 debug.go:45: [GIN-debug] GET    /workdir                  --> github.com/open-falcon/falcon-plus/modules/alarm/http.Workdir (3 handlers)
2018/10/19 01:38:45 debug.go:45: [GIN-debug] Listening and serving HTTP on 0.0.0.0:9912
time="2018-10-19T01:38:45Z" level=debug msg="delete event older than 2018-10-12 01:38:45, rows affected:0" 
time="2018-10-19T01:39:45Z" level=debug msg="delete event older than 2018-10-12 01:39:45, rows affected:0" 
time="2018-10-19T01:40:45Z" level=debug msg="delete event older than 2018-10-12 01:40:45, rows affected:0" 
time="2018-10-19T01:41:45Z" level=debug msg="delete event older than 2018-10-12 01:41:45, rows affected:0" 
time="2018-10-19T01:42:45Z" level=debug msg="delete event older than 2018-10-12 01:42:45, rows affected:0" 
time="2018-10-19T01:43:45Z" level=debug msg="delete event older than 2018-10-12 01:43:45, rows affected:0" 
time="2018-10-19T01:44:45Z" level=debug msg="delete event older than 2018-10-12 01:44:45, rows affected:0" 
time="2018-10-19T02:15:31Z" level=debug msg="delete event older than 2018-10-12 02:15:31, rows affected:0" 
time="2018-10-19T02:16:31Z" level=debug msg="delete event older than 2018-10-12 02:16:31, rows affected:0" 
time="2018-10-19T02:17:31Z" level=debug msg="delete event older than 2018-10-12 02:17:31, rows affected:0" 
time="2018-10-19T02:18:31Z" level=debug msg="delete event older than 2018-10-12 02:18:31, rows affected:0" 
time="2018-10-19T02:19:31Z" level=debug msg="delete event older than 2018-10-12 02:19:31, rows affected:0" 
time="2018-10-19T02:20:31Z" level=debug msg="delete event older than 2018-10-12 02:20:31, rows affected:0" 
time="2018-10-19T02:21:31Z" level=debug msg="delete event older than 2018-10-12 02:21:31, rows affected:0" 
time="2018-10-19T02:22:31Z" level=debug msg="delete event older than 2018-10-12 02:22:31, rows affected:0" 
time="2018-10-19T02:23:31Z" level=debug msg="delete event older than 2018-10-12 02:23:31, rows affected:0" 
time="2018-10-19T02:24:31Z" level=debug msg="delete event older than 2018-10-12 02:24:31, rows affected:0" 
time="2018-10-19T02:25:31Z" level=debug msg="delete event older than 2018-10-12 02:25:31, rows affected:0" 
time="2018-10-19T02:26:31Z" level=debug msg="delete event older than 2018-10-12 02:26:31, rows affected:0" 
time="2018-10-19T02:27:31Z" level=debug msg="delete event older than 2018-10-12 02:27:31, rows affected:0" 
time="2018-10-19T02:28:31Z" level=debug msg="delete event older than 2018-10-12 02:28:31, rows affected:0" 
time="2018-10-19T02:29:31Z" level=debug msg="delete event older than 2018-10-12 02:29:31, rows affected:0" 
time="2018-10-19T02:30:31Z" level=debug msg="delete event older than 2018-10-12 02:30:31, rows affected:0" 
time="2018-10-19T02:31:30Z" level=debug msg="delete event older than 2018-10-12 02:31:30, rows affected:0" 
time="2018-10-19T02:32:30Z" level=debug msg="delete event older than 2018-10-12 02:32:30, rows affected:0" 
time="2018-10-19T02:33:30Z" level=debug msg="delete event older than 2018-10-12 02:33:30, rows affected:0" 
time="2018-10-19T02:34:30Z" level=debug msg="delete event older than 2018-10-12 02:34:30, rows affected:0" 
time="2018-10-19T02:35:30Z" level=debug msg="delete event older than 2018-10-12 02:35:30, rows affected:0" 
time="2018-10-19T02:36:30Z" level=debug msg="delete event older than 2018-10-12 02:36:30, rows affected:0" 
time="2018-10-19T02:37:30Z" level=debug msg="delete event older than 2018-10-12 02:37:30, rows affected:0" 
time="2018-10-19T02:38:30Z" level=debug msg="delete event older than 2018-10-12 02:38:30, rows affected:0" 
time="2018-10-19T02:39:30Z" level=debug msg="delete event older than 2018-10-12 02:39:30, rows affected:0" 
time="2018-10-19T02:40:30Z" level=debug msg="delete event older than 2018-10-12 02:40:30, rows affected:0" 
time="2018-10-19T02:41:30Z" level=debug msg="delete event older than 2018-10-12 02:41:30, rows affected:0" 
time="2018-10-19T02:42:30Z" level=debug msg="delete event older than 2018-10-12 02:42:30, rows affected:0" 
time="2018-10-19T02:43:30Z" level=debug msg="delete event older than 2018-10-12 02:43:30, rows affected:0" 
time="2018-10-19T02:44:30Z" level=debug msg="delete event older than 2018-10-12 02:44:30, rows affected:0" 
time="2018-10-19T02:45:30Z" level=debug msg="delete event older than 2018-10-12 02:45:30, rows affected:0" 
time="2018-10-19T02:46:29Z" level=debug msg="delete event older than 2018-10-12 02:46:29, rows affected:0" 
time="2018-10-19T02:47:29Z" level=debug msg="delete event older than 2018-10-12 02:47:29, rows affected:0" 
time="2018-10-19T02:48:29Z" level=debug msg="delete event older than 2018-10-12 02:48:29, rows affected:0" 
time="2018-10-19T02:49:29Z" level=debug msg="delete event older than 2018-10-12 02:49:29, rows affected:0" 
time="2018-10-19T02:50:29Z" level=debug msg="delete event older than 2018-10-12 02:50:29, rows affected:0" 
time="2018-10-19T02:51:29Z" level=debug msg="delete event older than 2018-10-12 02:51:29, rows affected:0" 
time="2018-10-19T02:52:29Z" level=debug msg="delete event older than 2018-10-12 02:52:29, rows affected:0" 
time="2018-10-19T02:53:29Z" level=debug msg="delete event older than 2018-10-12 02:53:29, rows affected:0" 
time="2018-10-19T02:54:29Z" level=debug msg="delete event older than 2018-10-12 02:54:29, rows affected:0" 
time="2018-10-19T02:55:29Z" level=debug msg="delete event older than 2018-10-12 02:55:29, rows affected:0" 
time="2018-10-19T02:56:29Z" level=debug msg="delete event older than 2018-10-12 02:56:29, rows affected:0" 
time="2018-10-19T02:57:29Z" level=debug msg="delete event older than 2018-10-12 02:57:29, rows affected:0" 
time="2018-10-19T02:58:29Z" level=debug msg="delete event older than 2018-10-12 02:58:29, rows affected:0" 
time="2018-10-19T02:59:29Z" level=debug msg="delete event older than 2018-10-12 02:59:29, rows affected:0" 
time="2018-10-19T03:00:29Z" level=debug msg="delete event older than 2018-10-12 03:00:29, rows affected:0" 
time="2018-10-19T03:01:29Z" level=debug msg="delete event older than 2018-10-12 03:01:29, rows affected:0" 
time="2018-10-19T03:02:28Z" level=debug msg="delete event older than 2018-10-12 03:02:28, rows affected:0" 
time="2018-10-19T03:03:28Z" level=debug msg="delete event older than 2018-10-12 03:03:28, rows affected:0" 
time="2018-10-19T03:04:28Z" level=debug msg="delete event older than 2018-10-12 03:04:28, rows affected:0" 
time="2018-10-19T03:05:28Z" level=debug msg="delete event older than 2018-10-12 03:05:28, rows affected:0" 
time="2018-10-19T03:06:28Z" level=debug msg="delete event older than 2018-10-12 03:06:28, rows affected:0" 
time="2018-10-19T03:07:28Z" level=debug msg="delete event older than 2018-10-12 03:07:28, rows affected:0" 
time="2018-10-19T03:08:28Z" level=debug msg="delete event older than 2018-10-12 03:08:28, rows affected:0" 
time="2018-10-19T03:09:28Z" level=debug msg="delete event older than 2018-10-12 03:09:28, rows affected:0" 
time="2018-10-19T03:10:28Z" level=debug msg="delete event older than 2018-10-12 03:10:28, rows affected:0" 
time="2018-10-19T03:11:28Z" level=debug msg="delete event older than 2018-10-12 03:11:28, rows affected:0" 
time="2018-10-19T03:12:28Z" level=debug msg="delete event older than 2018-10-12 03:12:28, rows affected:0" 
time="2018-10-19T03:13:28Z" level=debug msg="delete event older than 2018-10-12 03:13:28, rows affected:0" 
time="2018-10-19T03:14:28Z" level=debug msg="delete event older than 2018-10-12 03:14:28, rows affected:0" 
time="2018-10-19T03:15:28Z" level=debug msg="delete event older than 2018-10-12 03:15:28, rows affected:0" 
time="2018-10-19T03:16:28Z" level=debug msg="delete event older than 2018-10-12 03:16:28, rows affected:0" 
time="2018-10-19T03:17:28Z" level=debug msg="delete event older than 2018-10-12 03:17:28, rows affected:0" 
time="2018-10-19T03:18:27Z" level=debug msg="delete event older than 2018-10-12 03:18:27, rows affected:0" 
time="2018-10-19T03:19:27Z" level=debug msg="delete event older than 2018-10-12 03:19:27, rows affected:0" 
time="2018-10-19T03:20:27Z" level=debug msg="delete event older than 2018-10-12 03:20:27, rows affected:0" 
time="2018-10-19T03:21:27Z" level=debug msg="delete event older than 2018-10-12 03:21:27, rows affected:0" 
time="2018-10-19T03:22:27Z" level=debug msg="delete event older than 2018-10-12 03:22:27, rows affected:0" 
time="2018-10-19T03:23:27Z" level=debug msg="delete event older than 2018-10-12 03:23:27, rows affected:0" 
time="2018-10-19T03:24:27Z" level=debug msg="delete event older than 2018-10-12 03:24:27, rows affected:0" 
time="2018-10-19T03:25:27Z" level=debug msg="delete event older than 2018-10-12 03:25:27, rows affected:0" 
time="2018-10-19T03:26:27Z" level=debug msg="delete event older than 2018-10-12 03:26:27, rows affected:0" 
time="2018-10-19T03:27:27Z" level=debug msg="delete event older than 2018-10-12 03:27:27, rows affected:0" 
time="2018-10-19T03:28:27Z" level=debug msg="delete event older than 2018-10-12 03:28:27, rows affected:0" 
time="2018-10-19T03:29:27Z" level=debug msg="delete event older than 2018-10-12 03:29:27, rows affected:0" 
time="2018-10-19T03:30:27Z" level=debug msg="delete event older than 2018-10-12 03:30:27, rows affected:0" 
time="2018-10-19T03:31:27Z" level=debug msg="delete event older than 2018-10-12 03:31:27, rows affected:0" 
time="2018-10-19T03:32:27Z" level=debug msg="delete event older than 2018-10-12 03:32:27, rows affected:0" 
time="2018-10-19T03:33:27Z" level=debug msg="delete event older than 2018-10-12 03:33:27, rows affected:0" 
time="2018-10-19T03:34:26Z" level=debug msg="delete event older than 2018-10-12 03:34:26, rows affected:0" 
time="2018-10-19T03:35:26Z" level=debug msg="delete event older than 2018-10-12 03:35:26, rows affected:0" 
time="2018-10-19T03:36:26Z" level=debug msg="delete event older than 2018-10-12 03:36:26, rows affected:0" 
time="2018-10-19T03:37:26Z" level=debug msg="delete event older than 2018-10-12 03:37:26, rows affected:0" 
time="2018-10-19T03:38:26Z" level=debug msg="delete event older than 2018-10-12 03:38:26, rows affected:0" 
time="2018-10-19T03:39:26Z" level=debug msg="delete event older than 2018-10-12 03:39:26, rows affected:0" 
time="2018-10-19T03:40:26Z" level=debug msg="delete event older than 2018-10-12 03:40:26, rows affected:0" 
time="2018-10-19T03:41:26Z" level=debug msg="delete event older than 2018-10-12 03:41:26, rows affected:0" 
time="2018-10-19T03:42:26Z" level=debug msg="delete event older than 2018-10-12 03:42:26, rows affected:0" 
time="2018-10-19T03:43:26Z" level=debug msg="delete event older than 2018-10-12 03:43:26, rows affected:0" 
time="2018-10-19T03:44:26Z" level=debug msg="delete event older than 2018-10-12 03:44:26, rows affected:0" 
time="2018-10-19T03:45:26Z" level=debug msg="delete event older than 2018-10-12 03:45:26, rows affected:0" 
time="2018-10-19T03:46:26Z" level=debug msg="delete event older than 2018-10-12 03:46:26, rows affected:0" 
time="2018-10-19T03:47:26Z" level=debug msg="delete event older than 2018-10-12 03:47:26, rows affected:0" 
time="2018-10-19T03:48:26Z" level=debug msg="delete event older than 2018-10-12 03:48:26, rows affected:0" 
time="2018-10-19T03:49:26Z" level=debug msg="delete event older than 2018-10-12 03:49:26, rows affected:0" 
time="2018-10-19T03:50:26Z" level=debug msg="delete event older than 2018-10-12 03:50:26, rows affected:0" 
time="2018-10-19T03:51:25Z" level=debug msg="delete event older than 2018-10-12 03:51:25, rows affected:0" 
time="2018-10-19T03:52:25Z" level=debug msg="delete event older than 2018-10-12 03:52:25, rows affected:0" 
time="2018-10-19T03:53:25Z" level=debug msg="delete event older than 2018-10-12 03:53:25, rows affected:0" 
time="2018-10-19T03:54:25Z" level=debug msg="delete event older than 2018-10-12 03:54:25, rows affected:0" 
time="2018-10-19T03:55:25Z" level=debug msg="delete event older than 2018-10-12 03:55:25, rows affected:0" 
time="2018-10-19T03:56:25Z" level=debug msg="delete event older than 2018-10-12 03:56:25, rows affected:0" 
time="2018-10-19T03:57:25Z" level=debug msg="delete event older than 2018-10-12 03:57:25, rows affected:0" 
time="2018-10-19T03:58:25Z" level=debug msg="delete event older than 2018-10-12 03:58:25, rows affected:0" 
time="2018-10-19T03:59:25Z" level=debug msg="delete event older than 2018-10-12 03:59:25, rows affected:0" 
time="2018-10-19T04:00:25Z" level=debug msg="delete event older than 2018-10-12 04:00:25, rows affected:0" 
time="2018-10-19T04:01:25Z" level=debug msg="delete event older than 2018-10-12 04:01:25, rows affected:0" 
time="2018-10-19T04:02:25Z" level=debug msg="delete event older than 2018-10-12 04:02:25, rows affected:0" 
time="2018-10-19T04:03:25Z" level=debug msg="delete event older than 2018-10-12 04:03:25, rows affected:0" 
time="2018-10-19T04:04:25Z" level=debug msg="delete event older than 2018-10-12 04:04:25, rows affected:0" 
time="2018-10-19T04:05:25Z" level=debug msg="delete event older than 2018-10-12 04:05:25, rows affected:0" 
time="2018-10-19T04:06:25Z" level=debug msg="delete event older than 2018-10-12 04:06:25, rows affected:0" 
time="2018-10-19T04:07:24Z" level=debug msg="delete event older than 2018-10-12 04:07:24, rows affected:0" 
time="2018-10-19T04:08:24Z" level=debug msg="delete event older than 2018-10-12 04:08:24, rows affected:0" 
time="2018-10-19T04:09:24Z" level=debug msg="delete event older than 2018-10-12 04:09:24, rows affected:0" 
time="2018-10-19T04:10:24Z" level=debug msg="delete event older than 2018-10-12 04:10:24, rows affected:0" 
time="2018-10-19T04:11:24Z" level=debug msg="delete event older than 2018-10-12 04:11:24, rows affected:0" 
time="2018-10-19T04:12:24Z" level=debug msg="delete event older than 2018-10-12 04:12:24, rows affected:0" 
time="2018-10-19T04:13:24Z" level=debug msg="delete event older than 2018-10-12 04:13:24, rows affected:0" 
time="2018-10-19T04:14:24Z" level=debug msg="delete event older than 2018-10-12 04:14:24, rows affected:0" 
time="2018-10-19T04:15:24Z" level=debug msg="delete event older than 2018-10-12 04:15:24, rows affected:0" 
time="2018-10-19T04:16:24Z" level=debug msg="delete event older than 2018-10-12 04:16:24, rows affected:0" 
time="2018-10-19T04:17:24Z" level=debug msg="delete event older than 2018-10-12 04:17:24, rows affected:0" 
time="2018-10-19T04:18:24Z" level=debug msg="delete event older than 2018-10-12 04:18:24, rows affected:0" 
time="2018-10-19T04:19:24Z" level=debug msg="delete event older than 2018-10-12 04:19:24, rows affected:0" 
time="2018-10-19T04:20:24Z" level=debug msg="delete event older than 2018-10-12 04:20:24, rows affected:0" 
time="2018-10-19T04:21:24Z" level=debug msg="delete event older than 2018-10-12 04:21:24, rows affected:0" 
time="2018-10-19T04:22:24Z" level=debug msg="delete event older than 2018-10-12 04:22:24, rows affected:0" 
time="2018-10-19T04:23:23Z" level=debug msg="delete event older than 2018-10-12 04:23:23, rows affected:0" 
time="2018-10-19T04:24:23Z" level=debug msg="delete event older than 2018-10-12 04:24:23, rows affected:0" 
time="2018-10-19T04:25:23Z" level=debug msg="delete event older than 2018-10-12 04:25:23, rows affected:0" 
time="2018-10-19T04:26:23Z" level=debug msg="delete event older than 2018-10-12 04:26:23, rows affected:0" 
time="2018-10-19T04:27:23Z" level=debug msg="delete event older than 2018-10-12 04:27:23, rows affected:0" 
time="2018-10-19T04:28:23Z" level=debug msg="delete event older than 2018-10-12 04:28:23, rows affected:0" 
time="2018-10-19T04:29:23Z" level=debug msg="delete event older than 2018-10-12 04:29:23, rows affected:0" 
time="2018-10-19T04:30:23Z" level=debug msg="delete event older than 2018-10-12 04:30:23, rows affected:0" 
time="2018-10-19T04:31:23Z" level=debug msg="delete event older than 2018-10-12 04:31:23, rows affected:0" 
time="2018-10-19T04:32:23Z" level=debug msg="delete event older than 2018-10-12 04:32:23, rows affected:0" 
time="2018-10-19T04:33:23Z" level=debug msg="delete event older than 2018-10-12 04:33:23, rows affected:0" 
time="2018-10-19T04:34:23Z" level=debug msg="delete event older than 2018-10-12 04:34:23, rows affected:0" 
time="2018-10-19T04:35:23Z" level=debug msg="delete event older than 2018-10-12 04:35:23, rows affected:0" 
time="2018-10-19T04:36:23Z" level=debug msg="delete event older than 2018-10-12 04:36:23, rows affected:0" 
time="2018-10-19T04:37:23Z" level=debug msg="delete event older than 2018-10-12 04:37:23, rows affected:0" 
time="2018-10-19T04:38:23Z" level=debug msg="delete event older than 2018-10-12 04:38:23, rows affected:0" 
time="2018-10-19T04:39:22Z" level=debug msg="delete event older than 2018-10-12 04:39:22, rows affected:0" 
time="2018-10-19T04:40:22Z" level=debug msg="delete event older than 2018-10-12 04:40:22, rows affected:0" 
time="2018-10-19T04:41:22Z" level=debug msg="delete event older than 2018-10-12 04:41:22, rows affected:0" 
time="2018-10-19T04:42:22Z" level=debug msg="delete event older than 2018-10-12 04:42:22, rows affected:0" 
time="2018-10-19T04:43:22Z" level=debug msg="delete event older than 2018-10-12 04:43:22, rows affected:0" 
time="2018-10-19T04:44:22Z" level=debug msg="delete event older than 2018-10-12 04:44:22, rows affected:0" 
time="2018-10-19T04:45:22Z" level=debug msg="delete event older than 2018-10-12 04:45:22, rows affected:0" 
time="2018-10-19T04:46:22Z" level=debug msg="delete event older than 2018-10-12 04:46:22, rows affected:0" 
time="2018-10-19T04:47:22Z" level=debug msg="delete event older than 2018-10-12 04:47:22, rows affected:0" 
time="2018-10-19T04:48:22Z" level=debug msg="delete event older than 2018-10-12 04:48:22, rows affected:0" 
time="2018-10-19T04:49:22Z" level=debug msg="delete event older than 2018-10-12 04:49:22, rows affected:0" 
time="2018-10-19T04:50:22Z" level=debug msg="delete event older than 2018-10-12 04:50:22, rows affected:0" 
time="2018-10-19T04:51:22Z" level=debug msg="delete event older than 2018-10-12 04:51:22, rows affected:0" 
time="2018-10-19T04:52:22Z" level=debug msg="delete event older than 2018-10-12 04:52:22, rows affected:0" 
time="2018-10-19T04:53:22Z" level=debug msg="delete event older than 2018-10-12 04:53:22, rows affected:0" 
time="2018-10-19T04:54:22Z" level=debug msg="delete event older than 2018-10-12 04:54:22, rows affected:0" 
time="2018-10-19T04:55:21Z" level=debug msg="delete event older than 2018-10-12 04:55:21, rows affected:0" 
time="2018-10-19T04:56:21Z" level=debug msg="delete event older than 2018-10-12 04:56:21, rows affected:0" 
time="2018-10-19T04:57:21Z" level=debug msg="delete event older than 2018-10-12 04:57:21, rows affected:0" 
time="2018-10-19T04:58:21Z" level=debug msg="delete event older than 2018-10-12 04:58:21, rows affected:0" 
time="2018-10-19T04:59:21Z" level=debug msg="delete event older than 2018-10-12 04:59:21, rows affected:0" 
time="2018-10-19T05:00:21Z" level=debug msg="delete event older than 2018-10-12 05:00:21, rows affected:0" 
time="2018-10-19T05:01:21Z" level=debug msg="delete event older than 2018-10-12 05:01:21, rows affected:0" 
time="2018-10-19T05:02:21Z" level=debug msg="delete event older than 2018-10-12 05:02:21, rows affected:0" 
time="2018-10-19T05:03:21Z" level=debug msg="delete event older than 2018-10-12 05:03:21, rows affected:0" 
time="2018-10-19T05:04:21Z" level=debug msg="delete event older than 2018-10-12 05:04:21, rows affected:0" 
time="2018-10-19T05:05:21Z" level=debug msg="delete event older than 2018-10-12 05:05:21, rows affected:0" 
time="2018-10-19T05:06:21Z" level=debug msg="delete event older than 2018-10-12 05:06:21, rows affected:0" 
time="2018-10-19T05:07:21Z" level=debug msg="delete event older than 2018-10-12 05:07:21, rows affected:0" 
time="2018-10-19T05:08:21Z" level=debug msg="delete event older than 2018-10-12 05:08:21, rows affected:0" 
time="2018-10-19T05:09:21Z" level=debug msg="delete event older than 2018-10-12 05:09:21, rows affected:0" 
time="2018-10-19T05:10:21Z" level=debug msg="delete event older than 2018-10-12 05:10:21, rows affected:0" 
time="2018-10-19T05:11:20Z" level=debug msg="delete event older than 2018-10-12 05:11:20, rows affected:0" 
time="2018-10-19T05:12:20Z" level=debug msg="delete event older than 2018-10-12 05:12:20, rows affected:0" 
time="2018-10-19T05:13:20Z" level=debug msg="delete event older than 2018-10-12 05:13:20, rows affected:0" 
time="2018-10-19T05:14:20Z" level=debug msg="delete event older than 2018-10-12 05:14:20, rows affected:0" 
time="2018-10-19T05:15:20Z" level=debug msg="delete event older than 2018-10-12 05:15:20, rows affected:0" 
time="2018-10-19T05:16:20Z" level=debug msg="delete event older than 2018-10-12 05:16:20, rows affected:0" 
time="2018-10-19T05:17:20Z" level=debug msg="delete event older than 2018-10-12 05:17:20, rows affected:0" 
time="2018-10-19T05:18:20Z" level=debug msg="delete event older than 2018-10-12 05:18:20, rows affected:0" 
time="2018-10-19T05:19:20Z" level=debug msg="delete event older than 2018-10-12 05:19:20, rows affected:0" 
time="2018-10-19T05:20:20Z" level=debug msg="delete event older than 2018-10-12 05:20:20, rows affected:0" 
time="2018-10-19T05:21:20Z" level=debug msg="delete event older than 2018-10-12 05:21:20, rows affected:0" 
time="2018-10-19T05:22:20Z" level=debug msg="delete event older than 2018-10-12 05:22:20, rows affected:0" 
time="2018-10-19T05:23:20Z" level=debug msg="delete event older than 2018-10-12 05:23:20, rows affected:0" 
time="2018-10-19T05:24:20Z" level=debug msg="delete event older than 2018-10-12 05:24:20, rows affected:0" 
time="2018-10-19T05:25:20Z" level=debug msg="delete event older than 2018-10-12 05:25:20, rows affected:0" 
time="2018-10-19T05:26:20Z" level=debug msg="delete event older than 2018-10-12 05:26:20, rows affected:0" 
time="2018-10-19T05:27:19Z" level=debug msg="delete event older than 2018-10-12 05:27:19, rows affected:0" 
time="2018-10-19T05:28:19Z" level=debug msg="delete event older than 2018-10-12 05:28:19, rows affected:0" 
time="2018-10-19T05:29:19Z" level=debug msg="delete event older than 2018-10-12 05:29:19, rows affected:0" 
time="2018-10-19T05:30:19Z" level=debug msg="delete event older than 2018-10-12 05:30:19, rows affected:0" 
time="2018-10-19T05:31:19Z" level=debug msg="delete event older than 2018-10-12 05:31:19, rows affected:0" 
time="2018-10-19T05:32:19Z" level=debug msg="delete event older than 2018-10-12 05:32:19, rows affected:0" 
time="2018-10-19T05:33:19Z" level=debug msg="delete event older than 2018-10-12 05:33:19, rows affected:0" 
time="2018-10-19T05:34:19Z" level=debug msg="delete event older than 2018-10-12 05:34:19, rows affected:0" 
time="2018-10-19T05:35:19Z" level=debug msg="delete event older than 2018-10-12 05:35:19, rows affected:0" 
time="2018-10-19T05:36:19Z" level=debug msg="delete event older than 2018-10-12 05:36:19, rows affected:0" 
time="2018-10-19T05:37:19Z" level=debug msg="delete event older than 2018-10-12 05:37:19, rows affected:0" 
time="2018-10-19T05:38:19Z" level=debug msg="delete event older than 2018-10-12 05:38:19, rows affected:0" 
time="2018-10-19T05:39:19Z" level=debug msg="delete event older than 2018-10-12 05:39:19, rows affected:0" 
time="2018-10-19T05:40:19Z" level=debug msg="delete event older than 2018-10-12 05:40:19, rows affected:0" 
time="2018-10-19T05:41:19Z" level=debug msg="delete event older than 2018-10-12 05:41:19, rows affected:0" 
time="2018-10-19T05:42:18Z" level=debug msg="delete event older than 2018-10-12 05:42:18, rows affected:0" 
time="2018-10-19T05:43:18Z" level=debug msg="delete event older than 2018-10-12 05:43:18, rows affected:0" 
time="2018-10-19T05:44:18Z" level=debug msg="delete event older than 2018-10-12 05:44:18, rows affected:0" 
time="2018-10-19T05:45:18Z" level=debug msg="delete event older than 2018-10-12 05:45:18, rows affected:0" 
time="2018-10-19T05:46:18Z" level=debug msg="delete event older than 2018-10-12 05:46:18, rows affected:0" 
time="2018-10-19T05:47:18Z" level=debug msg="delete event older than 2018-10-12 05:47:18, rows affected:0" 
time="2018-10-19T05:48:18Z" level=debug msg="delete event older than 2018-10-12 05:48:18, rows affected:0" 
time="2018-10-19T05:49:18Z" level=debug msg="delete event older than 2018-10-12 05:49:18, rows affected:0" 
time="2018-10-19T05:50:18Z" level=debug msg="delete event older than 2018-10-12 05:50:18, rows affected:0" 
time="2018-10-19T05:51:18Z" level=debug msg="delete event older than 2018-10-12 05:51:18, rows affected:0" 
time="2018-10-19T05:52:18Z" level=debug msg="delete event older than 2018-10-12 05:52:18, rows affected:0" 
time="2018-10-19T05:53:18Z" level=debug msg="delete event older than 2018-10-12 05:53:18, rows affected:0" 
time="2018-10-19T05:54:18Z" level=debug msg="delete event older than 2018-10-12 05:54:18, rows affected:0" 
time="2018-10-19T05:55:18Z" level=debug msg="delete event older than 2018-10-12 05:55:18, rows affected:0" 
time="2018-10-19T05:56:18Z" level=debug msg="delete event older than 2018-10-12 05:56:18, rows affected:0" 
time="2018-10-19T05:57:18Z" level=debug msg="delete event older than 2018-10-12 05:57:18, rows affected:0" 
time="2018-10-19T05:58:17Z" level=debug msg="delete event older than 2018-10-12 05:58:17, rows affected:0" 
time="2018-10-19T05:59:17Z" level=debug msg="delete event older than 2018-10-12 05:59:17, rows affected:0" 
time="2018-10-19T06:00:17Z" level=debug msg="delete event older than 2018-10-12 06:00:17, rows affected:0" 
time="2018-10-19T06:01:17Z" level=debug msg="delete event older than 2018-10-12 06:01:17, rows affected:0" 
time="2018-10-19T06:02:17Z" level=debug msg="delete event older than 2018-10-12 06:02:17, rows affected:0" 
time="2018-10-19T06:03:17Z" level=debug msg="delete event older than 2018-10-12 06:03:17, rows affected:0" 
time="2018-10-19T06:04:17Z" level=debug msg="delete event older than 2018-10-12 06:04:17, rows affected:0" 
time="2018-10-19T06:05:17Z" level=debug msg="delete event older than 2018-10-12 06:05:17, rows affected:0" 
time="2018-10-19T06:06:17Z" level=debug msg="delete event older than 2018-10-12 06:06:17, rows affected:0" 
time="2018-10-19T06:07:17Z" level=debug msg="delete event older than 2018-10-12 06:07:17, rows affected:0" 
time="2018-10-19T06:08:17Z" level=debug msg="delete event older than 2018-10-12 06:08:17, rows affected:0" 
time="2018-10-19T06:09:17Z" level=debug msg="delete event older than 2018-10-12 06:09:17, rows affected:0" 
time="2018-10-19T06:10:17Z" level=debug msg="delete event older than 2018-10-12 06:10:17, rows affected:0" 
time="2018-10-19T06:11:17Z" level=debug msg="delete event older than 2018-10-12 06:11:17, rows affected:0" 
time="2018-10-19T06:12:17Z" level=debug msg="delete event older than 2018-10-12 06:12:17, rows affected:0" 
time="2018-10-19T06:13:17Z" level=debug msg="delete event older than 2018-10-12 06:13:17, rows affected:0" 
time="2018-10-19T06:14:16Z" level=debug msg="delete event older than 2018-10-12 06:14:16, rows affected:0" 
time="2018-10-19T06:15:16Z" level=debug msg="delete event older than 2018-10-12 06:15:16, rows affected:0" 
time="2018-10-19T06:16:16Z" level=debug msg="delete event older than 2018-10-12 06:16:16, rows affected:0" 
time="2018-10-19T06:17:16Z" level=debug msg="delete event older than 2018-10-12 06:17:16, rows affected:0" 
time="2018-10-19T06:18:16Z" level=debug msg="delete event older than 2018-10-12 06:18:16, rows affected:0" 
time="2018-10-19T06:19:16Z" level=debug msg="delete event older than 2018-10-12 06:19:16, rows affected:0" 
time="2018-10-19T06:20:16Z" level=debug msg="delete event older than 2018-10-12 06:20:16, rows affected:0" 
time="2018-10-19T06:21:16Z" level=debug msg="delete event older than 2018-10-12 06:21:16, rows affected:0" 
time="2018-10-19T06:22:16Z" level=debug msg="delete event older than 2018-10-12 06:22:16, rows affected:0" 
time="2018-10-19T06:23:16Z" level=debug msg="delete event older than 2018-10-12 06:23:16, rows affected:0" 
time="2018-10-19T06:24:16Z" level=debug msg="delete event older than 2018-10-12 06:24:16, rows affected:0" 
time="2018-10-19T06:25:16Z" level=debug msg="delete event older than 2018-10-12 06:25:16, rows affected:0" 
time="2018-10-19T06:26:16Z" level=debug msg="delete event older than 2018-10-12 06:26:16, rows affected:0" 
time="2018-10-19T06:27:16Z" level=debug msg="delete event older than 2018-10-12 06:27:16, rows affected:0" 
time="2018-10-19T06:28:16Z" level=debug msg="delete event older than 2018-10-12 06:28:16, rows affected:0" 
time="2018-10-19T06:29:15Z" level=debug msg="delete event older than 2018-10-12 06:29:15, rows affected:0" 
time="2018-10-19T06:30:15Z" level=debug msg="delete event older than 2018-10-12 06:30:15, rows affected:0" 
time="2018-10-19T06:31:15Z" level=debug msg="delete event older than 2018-10-12 06:31:15, rows affected:0" 
time="2018-10-19T06:32:15Z" level=debug msg="delete event older than 2018-10-12 06:32:15, rows affected:0" 
time="2018-10-19T06:33:15Z" level=debug msg="delete event older than 2018-10-12 06:33:15, rows affected:0" 
time="2018-10-19T06:34:15Z" level=debug msg="delete event older than 2018-10-12 06:34:15, rows affected:0" 
time="2018-10-19T06:35:15Z" level=debug msg="delete event older than 2018-10-12 06:35:15, rows affected:0" 
time="2018-10-19T06:36:15Z" level=debug msg="delete event older than 2018-10-12 06:36:15, rows affected:0" 
time="2018-10-19T06:37:15Z" level=debug msg="delete event older than 2018-10-12 06:37:15, rows affected:0" 
time="2018-10-19T06:38:15Z" level=debug msg="delete event older than 2018-10-12 06:38:15, rows affected:0" 
time="2018-10-19T06:39:15Z" level=debug msg="delete event older than 2018-10-12 06:39:15, rows affected:0" 
time="2018-10-19T06:40:15Z" level=debug msg="delete event older than 2018-10-12 06:40:15, rows affected:0" 
time="2018-10-19T06:41:15Z" level=debug msg="delete event older than 2018-10-12 06:41:15, rows affected:0" 
time="2018-10-19T06:42:15Z" level=debug msg="delete event older than 2018-10-12 06:42:15, rows affected:0" 
time="2018-10-19T06:43:15Z" level=debug msg="delete event older than 2018-10-12 06:43:15, rows affected:0" 
time="2018-10-19T06:44:15Z" level=debug msg="delete event older than 2018-10-12 06:44:15, rows affected:0" 
time="2018-10-19T06:45:14Z" level=debug msg="delete event older than 2018-10-12 06:45:14, rows affected:0" 
time="2018-10-19T06:46:14Z" level=debug msg="delete event older than 2018-10-12 06:46:14, rows affected:0" 
time="2018-10-19T06:47:14Z" level=debug msg="delete event older than 2018-10-12 06:47:14, rows affected:0" 
time="2018-10-19T06:48:14Z" level=debug msg="delete event older than 2018-10-12 06:48:14, rows affected:0" 
time="2018-10-19T06:49:14Z" level=debug msg="delete event older than 2018-10-12 06:49:14, rows affected:0" 
time="2018-10-19T06:50:14Z" level=debug msg="delete event older than 2018-10-12 06:50:14, rows affected:0" 
time="2018-10-19T06:51:14Z" level=debug msg="delete event older than 2018-10-12 06:51:14, rows affected:0" 
time="2018-10-19T06:52:14Z" level=debug msg="delete event older than 2018-10-12 06:52:14, rows affected:0" 
time="2018-10-19T06:53:14Z" level=debug msg="delete event older than 2018-10-12 06:53:14, rows affected:0" 
time="2018-10-19T06:54:14Z" level=debug msg="delete event older than 2018-10-12 06:54:14, rows affected:0" 
time="2018-10-19T06:55:14Z" level=debug msg="delete event older than 2018-10-12 06:55:14, rows affected:0" 
time="2018-10-19T06:56:14Z" level=debug msg="delete event older than 2018-10-12 06:56:14, rows affected:0" 
time="2018-10-19T06:57:14Z" level=debug msg="delete event older than 2018-10-12 06:57:14, rows affected:0" 
time="2018-10-19T06:58:14Z" level=debug msg="delete event older than 2018-10-12 06:58:14, rows affected:0" 
time="2018-10-19T06:59:14Z" level=debug msg="delete event older than 2018-10-12 06:59:14, rows affected:0" 
time="2018-10-19T07:00:14Z" level=debug msg="delete event older than 2018-10-12 07:00:14, rows affected:0" 
time="2018-10-19T07:01:13Z" level=debug msg="delete event older than 2018-10-12 07:01:13, rows affected:0" 
time="2018-10-19T07:02:13Z" level=debug msg="delete event older than 2018-10-12 07:02:13, rows affected:0" 
time="2018-10-19T07:03:13Z" level=debug msg="delete event older than 2018-10-12 07:03:13, rows affected:0" 
time="2018-10-19T07:04:13Z" level=debug msg="delete event older than 2018-10-12 07:04:13, rows affected:0" 
time="2018-10-19T07:05:13Z" level=debug msg="delete event older than 2018-10-12 07:05:13, rows affected:0" 
time="2018-10-19T07:06:13Z" level=debug msg="delete event older than 2018-10-12 07:06:13, rows affected:0" 
time="2018-10-19T07:07:13Z" level=debug msg="delete event older than 2018-10-12 07:07:13, rows affected:0" 
time="2018-10-19T07:08:13Z" level=debug msg="delete event older than 2018-10-12 07:08:13, rows affected:0" 
time="2018-10-19T07:09:13Z" level=debug msg="delete event older than 2018-10-12 07:09:13, rows affected:0" 
time="2018-10-19T07:10:13Z" level=debug msg="delete event older than 2018-10-12 07:10:13, rows affected:0" 
time="2018-10-19T07:11:13Z" level=debug msg="delete event older than 2018-10-12 07:11:13, rows affected:0" 
time="2018-10-19T07:12:13Z" level=debug msg="delete event older than 2018-10-12 07:12:13, rows affected:0" 
time="2018-10-19T07:13:13Z" level=debug msg="delete event older than 2018-10-12 07:13:13, rows affected:0" 
time="2018-10-19T07:14:13Z" level=debug msg="delete event older than 2018-10-12 07:14:13, rows affected:0" 
time="2018-10-19T07:15:13Z" level=debug msg="delete event older than 2018-10-12 07:15:13, rows affected:0" 
time="2018-10-19T07:16:13Z" level=debug msg="delete event older than 2018-10-12 07:16:13, rows affected:0" 
time="2018-10-19T07:17:12Z" level=debug msg="delete event older than 2018-10-12 07:17:12, rows affected:0" 
time="2018-10-19T07:18:12Z" level=debug msg="delete event older than 2018-10-12 07:18:12, rows affected:0" 
time="2018-10-19T07:19:12Z" level=debug msg="delete event older than 2018-10-12 07:19:12, rows affected:0" 
time="2018-10-19T07:20:12Z" level=debug msg="delete event older than 2018-10-12 07:20:12, rows affected:0" 
time="2018-10-19T07:21:12Z" level=debug msg="delete event older than 2018-10-12 07:21:12, rows affected:0" 
time="2018-10-19T07:22:12Z" level=debug msg="delete event older than 2018-10-12 07:22:12, rows affected:0" 
time="2018-10-19T07:23:12Z" level=debug msg="delete event older than 2018-10-12 07:23:12, rows affected:0" 
time="2018-10-19T07:24:12Z" level=debug msg="delete event older than 2018-10-12 07:24:12, rows affected:0" 
time="2018-10-19T07:25:12Z" level=debug msg="delete event older than 2018-10-12 07:25:12, rows affected:0" 
time="2018-10-19T07:26:12Z" level=debug msg="delete event older than 2018-10-12 07:26:12, rows affected:0" 
time="2018-10-19T07:27:12Z" level=debug msg="delete event older than 2018-10-12 07:27:12, rows affected:0" 
time="2018-10-19T07:28:12Z" level=debug msg="delete event older than 2018-10-12 07:28:12, rows affected:0" 
time="2018-10-19T07:29:12Z" level=debug msg="delete event older than 2018-10-12 07:29:12, rows affected:0" 
time="2018-10-19T07:30:12Z" level=debug msg="delete event older than 2018-10-12 07:30:12, rows affected:0" 
time="2018-10-19T07:31:12Z" level=debug msg="delete event older than 2018-10-12 07:31:12, rows affected:0" 
time="2018-10-19T07:32:12Z" level=debug msg="delete event older than 2018-10-12 07:32:12, rows affected:0" 
time="2018-10-19T07:33:11Z" level=debug msg="delete event older than 2018-10-12 07:33:11, rows affected:0" 
time="2018-10-19T07:34:11Z" level=debug msg="delete event older than 2018-10-12 07:34:11, rows affected:0" 
time="2018-10-19T07:35:11Z" level=debug msg="delete event older than 2018-10-12 07:35:11, rows affected:0" 
time="2018-10-19T07:36:11Z" level=debug msg="delete event older than 2018-10-12 07:36:11, rows affected:0" 
time="2018-10-19T07:37:11Z" level=debug msg="delete event older than 2018-10-12 07:37:11, rows affected:0" 
time="2018-10-19T07:38:11Z" level=debug msg="delete event older than 2018-10-12 07:38:11, rows affected:0" 
time="2018-10-19T07:39:11Z" level=debug msg="delete event older than 2018-10-12 07:39:11, rows affected:0" 
time="2018-10-19T07:40:11Z" level=debug msg="delete event older than 2018-10-12 07:40:11, rows affected:0" 
time="2018-10-19T07:41:11Z" level=debug msg="delete event older than 2018-10-12 07:41:11, rows affected:0" 
time="2018-10-19T07:42:11Z" level=debug msg="delete event older than 2018-10-12 07:42:11, rows affected:0" 
time="2018-10-19T07:43:11Z" level=debug msg="delete event older than 2018-10-12 07:43:11, rows affected:0" 
time="2018-10-19T07:44:11Z" level=debug msg="delete event older than 2018-10-12 07:44:11, rows affected:0" 
time="2018-10-19T07:45:11Z" level=debug msg="delete event older than 2018-10-12 07:45:11, rows affected:0" 
time="2018-10-19T07:46:11Z" level=debug msg="delete event older than 2018-10-12 07:46:11, rows affected:0" 
time="2018-10-19T07:47:11Z" level=debug msg="delete event older than 2018-10-12 07:47:11, rows affected:0" 
time="2018-10-19T07:48:11Z" level=debug msg="delete event older than 2018-10-12 07:48:11, rows affected:0" 
time="2018-10-19T07:49:11Z" level=debug msg="delete event older than 2018-10-12 07:49:11, rows affected:0" 
time="2018-10-19T07:50:11Z" level=debug msg="delete event older than 2018-10-12 07:50:11, rows affected:0" 
time="2018-10-19T07:51:11Z" level=debug msg="delete event older than 2018-10-12 07:51:11, rows affected:0" 
time="2018-10-19T07:52:11Z" level=debug msg="delete event older than 2018-10-12 07:52:11, rows affected:0" 
time="2018-10-19T07:53:10Z" level=debug msg="delete event older than 2018-10-12 07:53:10, rows affected:0" 
time="2018-10-19T07:54:10Z" level=debug msg="delete event older than 2018-10-12 07:54:10, rows affected:0" 
time="2018-10-19T07:55:10Z" level=debug msg="delete event older than 2018-10-12 07:55:10, rows affected:0" 
time="2018-10-19T07:56:10Z" level=debug msg="delete event older than 2018-10-12 07:56:10, rows affected:0" 
time="2018-10-19T07:57:10Z" level=debug msg="delete event older than 2018-10-12 07:57:10, rows affected:0" 
time="2018-10-19T07:58:10Z" level=debug msg="delete event older than 2018-10-12 07:58:10, rows affected:0" 
time="2018-10-19T07:59:10Z" level=debug msg="delete event older than 2018-10-12 07:59:10, rows affected:0" 
time="2018-10-19T08:00:10Z" level=debug msg="delete event older than 2018-10-12 08:00:10, rows affected:0" 
time="2018-10-19T08:01:10Z" level=debug msg="delete event older than 2018-10-12 08:01:10, rows affected:0" 
time="2018-10-19T08:02:10Z" level=debug msg="delete event older than 2018-10-12 08:02:10, rows affected:0" 
time="2018-10-19T08:03:10Z" level=debug msg="delete event older than 2018-10-12 08:03:10, rows affected:0" 
time="2018-10-19T08:04:10Z" level=debug msg="delete event older than 2018-10-12 08:04:10, rows affected:0" 
time="2018-10-19T08:05:10Z" level=debug msg="delete event older than 2018-10-12 08:05:10, rows affected:0" 
time="2018-10-19T08:06:10Z" level=debug msg="delete event older than 2018-10-12 08:06:10, rows affected:0" 
time="2018-10-19T08:07:10Z" level=debug msg="delete event older than 2018-10-12 08:07:10, rows affected:0" 
time="2018-10-19T08:08:10Z" level=debug msg="delete event older than 2018-10-12 08:08:10, rows affected:0" 
time="2018-10-19T08:09:09Z" level=debug msg="delete event older than 2018-10-12 08:09:09, rows affected:0" 
time="2018-10-19T08:10:09Z" level=debug msg="delete event older than 2018-10-12 08:10:09, rows affected:0" 
time="2018-10-19T08:11:09Z" level=debug msg="delete event older than 2018-10-12 08:11:09, rows affected:0" 
time="2018-10-19T08:12:09Z" level=debug msg="delete event older than 2018-10-12 08:12:09, rows affected:0" 
time="2018-10-19T08:13:09Z" level=debug msg="delete event older than 2018-10-12 08:13:09, rows affected:0" 
time="2018-10-19T08:14:09Z" level=debug msg="delete event older than 2018-10-12 08:14:09, rows affected:0" 
time="2018-10-19T08:15:09Z" level=debug msg="delete event older than 2018-10-12 08:15:09, rows affected:0" 
time="2018-10-19T08:16:09Z" level=debug msg="delete event older than 2018-10-12 08:16:09, rows affected:0" 
time="2018-10-19T08:17:09Z" level=debug msg="delete event older than 2018-10-12 08:17:09, rows affected:0" 
time="2018-10-19T08:18:09Z" level=debug msg="delete event older than 2018-10-12 08:18:09, rows affected:0" 
time="2018-10-19T08:19:09Z" level=debug msg="delete event older than 2018-10-12 08:19:09, rows affected:0" 
time="2018-10-19T08:20:09Z" level=debug msg="delete event older than 2018-10-12 08:20:09, rows affected:0" 
time="2018-10-19T08:21:09Z" level=debug msg="delete event older than 2018-10-12 08:21:09, rows affected:0" 
time="2018-10-19T08:22:09Z" level=debug msg="delete event older than 2018-10-12 08:22:09, rows affected:0" 
time="2018-10-19T08:23:09Z" level=debug msg="delete event older than 2018-10-12 08:23:09, rows affected:0" 
time="2018-10-19T08:24:09Z" level=debug msg="delete event older than 2018-10-12 08:24:09, rows affected:0" 
time="2018-10-19T08:25:09Z" level=debug msg="delete event older than 2018-10-12 08:25:09, rows affected:0" 
time="2018-10-19T08:26:08Z" level=debug msg="delete event older than 2018-10-12 08:26:08, rows affected:0" 
time="2018-10-19T08:27:08Z" level=debug msg="delete event older than 2018-10-12 08:27:08, rows affected:0" 
time="2018-10-19T08:28:08Z" level=debug msg="delete event older than 2018-10-12 08:28:08, rows affected:0" 
time="2018-10-19T08:29:08Z" level=debug msg="delete event older than 2018-10-12 08:29:08, rows affected:0" 
time="2018-10-19T08:30:08Z" level=debug msg="delete event older than 2018-10-12 08:30:08, rows affected:0" 
time="2018-10-19T08:31:08Z" level=debug msg="delete event older than 2018-10-12 08:31:08, rows affected:0" 
time="2018-10-19T08:32:08Z" level=debug msg="delete event older than 2018-10-12 08:32:08, rows affected:0" 
time="2018-10-19T08:33:08Z" level=debug msg="delete event older than 2018-10-12 08:33:08, rows affected:0" 
time="2018-10-19T08:34:08Z" level=debug msg="delete event older than 2018-10-12 08:34:08, rows affected:0" 
time="2018-10-19T08:35:08Z" level=debug msg="delete event older than 2018-10-12 08:35:08, rows affected:0" 
time="2018-10-19T08:36:08Z" level=debug msg="delete event older than 2018-10-12 08:36:08, rows affected:0" 
time="2018-10-19T08:37:08Z" level=debug msg="delete event older than 2018-10-12 08:37:08, rows affected:0" 
time="2018-10-19T08:38:08Z" level=debug msg="delete event older than 2018-10-12 08:38:08, rows affected:0" 
time="2018-10-19T08:39:08Z" level=debug msg="delete event older than 2018-10-12 08:39:08, rows affected:0" 
time="2018-10-19T08:40:08Z" level=debug msg="delete event older than 2018-10-12 08:40:08, rows affected:0" 
time="2018-10-19T08:41:08Z" level=debug msg="delete event older than 2018-10-12 08:41:08, rows affected:0" 
time="2018-10-19T08:42:07Z" level=debug msg="delete event older than 2018-10-12 08:42:07, rows affected:0" 
time="2018-10-19T08:43:07Z" level=debug msg="delete event older than 2018-10-12 08:43:07, rows affected:0" 
time="2018-10-19T08:44:07Z" level=debug msg="delete event older than 2018-10-12 08:44:07, rows affected:0" 
time="2018-10-19T08:45:07Z" level=debug msg="delete event older than 2018-10-12 08:45:07, rows affected:0" 
time="2018-10-19T08:46:07Z" level=debug msg="delete event older than 2018-10-12 08:46:07, rows affected:0" 
time="2018-10-19T08:47:07Z" level=debug msg="delete event older than 2018-10-12 08:47:07, rows affected:0" 
time="2018-10-19T08:48:07Z" level=debug msg="delete event older than 2018-10-12 08:48:07, rows affected:0" 
time="2018-10-19T08:49:07Z" level=debug msg="delete event older than 2018-10-12 08:49:07, rows affected:0" 
time="2018-10-19T08:50:07Z" level=debug msg="delete event older than 2018-10-12 08:50:07, rows affected:0" 
time="2018-10-19T08:51:07Z" level=debug msg="delete event older than 2018-10-12 08:51:07, rows affected:0" 
time="2018-10-19T08:52:07Z" level=debug msg="delete event older than 2018-10-12 08:52:07, rows affected:0" 
time="2018-10-19T08:53:07Z" level=debug msg="delete event older than 2018-10-12 08:53:07, rows affected:0" 
time="2018-10-19T08:54:07Z" level=debug msg="delete event older than 2018-10-12 08:54:07, rows affected:0" 
time="2018-10-19T08:55:07Z" level=debug msg="delete event older than 2018-10-12 08:55:07, rows affected:0" 
time="2018-10-19T08:56:07Z" level=debug msg="delete event older than 2018-10-12 08:56:07, rows affected:0" 
time="2018-10-19T08:57:07Z" level=debug msg="delete event older than 2018-10-12 08:57:07, rows affected:0" 
time="2018-10-19T08:58:06Z" level=debug msg="delete event older than 2018-10-12 08:58:06, rows affected:0" 
time="2018-10-19T08:59:06Z" level=debug msg="delete event older than 2018-10-12 08:59:06, rows affected:0" 
time="2018-10-19T09:00:06Z" level=debug msg="delete event older than 2018-10-12 09:00:06, rows affected:0" 
time="2018-10-19T09:01:06Z" level=debug msg="delete event older than 2018-10-12 09:01:06, rows affected:0" 
time="2018-10-19T09:02:06Z" level=debug msg="delete event older than 2018-10-12 09:02:06, rows affected:0" 
time="2018-10-19T09:03:06Z" level=debug msg="delete event older than 2018-10-12 09:03:06, rows affected:0" 
time="2018-10-19T09:04:06Z" level=debug msg="delete event older than 2018-10-12 09:04:06, rows affected:0" 
time="2018-10-19T09:05:06Z" level=debug msg="delete event older than 2018-10-12 09:05:06, rows affected:0" 
time="2018-10-19T09:06:06Z" level=debug msg="delete event older than 2018-10-12 09:06:06, rows affected:0" 
time="2018-10-19T09:07:06Z" level=debug msg="delete event older than 2018-10-12 09:07:06, rows affected:0" 
time="2018-10-19T09:08:06Z" level=debug msg="delete event older than 2018-10-12 09:08:06, rows affected:0" 
time="2018-10-19T09:09:06Z" level=debug msg="delete event older than 2018-10-12 09:09:06, rows affected:0" 
time="2018-10-19T09:10:06Z" level=debug msg="delete event older than 2018-10-12 09:10:06, rows affected:0" 
time="2018-10-19T09:11:06Z" level=debug msg="delete event older than 2018-10-12 09:11:06, rows affected:0" 
time="2018-10-19T09:12:06Z" level=debug msg="delete event older than 2018-10-12 09:12:06, rows affected:0" 
time="2018-10-19T09:13:06Z" level=debug msg="delete event older than 2018-10-12 09:13:06, rows affected:0" 
time="2018-10-19T09:14:05Z" level=debug msg="delete event older than 2018-10-12 09:14:05, rows affected:0" 
time="2018-10-19T09:15:05Z" level=debug msg="delete event older than 2018-10-12 09:15:05, rows affected:0" 
time="2018-10-19T09:16:05Z" level=debug msg="delete event older than 2018-10-12 09:16:05, rows affected:0" 
time="2018-10-19T09:17:05Z" level=debug msg="delete event older than 2018-10-12 09:17:05, rows affected:0" 
time="2018-10-19T09:18:05Z" level=debug msg="delete event older than 2018-10-12 09:18:05, rows affected:0" 
time="2018-10-19T09:19:05Z" level=debug msg="delete event older than 2018-10-12 09:19:05, rows affected:0" 
time="2018-10-19T09:20:05Z" level=debug msg="delete event older than 2018-10-12 09:20:05, rows affected:0" 
time="2018-10-19T09:21:05Z" level=debug msg="delete event older than 2018-10-12 09:21:05, rows affected:0" 
time="2018-10-19T09:22:05Z" level=debug msg="delete event older than 2018-10-12 09:22:05, rows affected:0" 
time="2018-10-19T09:23:05Z" level=debug msg="delete event older than 2018-10-12 09:23:05, rows affected:0" 
time="2018-10-19T09:24:05Z" level=debug msg="delete event older than 2018-10-12 09:24:05, rows affected:0" 
time="2018-10-19T09:25:05Z" level=debug msg="delete event older than 2018-10-12 09:25:05, rows affected:0" 
time="2018-10-19T09:26:05Z" level=debug msg="delete event older than 2018-10-12 09:26:05, rows affected:0" 
time="2018-10-19T09:27:05Z" level=debug msg="delete event older than 2018-10-12 09:27:05, rows affected:0" 
time="2018-10-19T09:28:05Z" level=debug msg="delete event older than 2018-10-12 09:28:05, rows affected:0" 
time="2018-10-19T09:29:05Z" level=debug msg="delete event older than 2018-10-12 09:29:05, rows affected:0" 
time="2018-10-19T09:30:04Z" level=debug msg="delete event older than 2018-10-12 09:30:04, rows affected:0" 
time="2018-10-19T09:31:04Z" level=debug msg="delete event older than 2018-10-12 09:31:04, rows affected:0" 
time="2018-10-19T09:32:04Z" level=debug msg="delete event older than 2018-10-12 09:32:04, rows affected:0" 
time="2018-10-19T09:33:04Z" level=debug msg="delete event older than 2018-10-12 09:33:04, rows affected:0" 
time="2018-10-19T09:34:04Z" level=debug msg="delete event older than 2018-10-12 09:34:04, rows affected:0" 
time="2018-10-19T09:35:04Z" level=debug msg="delete event older than 2018-10-12 09:35:04, rows affected:0" 
time="2018-10-19T09:36:04Z" level=debug msg="delete event older than 2018-10-12 09:36:04, rows affected:0" 
time="2018-10-19T09:37:04Z" level=debug msg="delete event older than 2018-10-12 09:37:04, rows affected:0" 
time="2018-10-19T17:38:02Z" level=debug msg="delete event older than 2018-10-12 17:38:02, rows affected:0" 
time="2018-10-20T02:12:27Z" level=debug msg="delete event older than 2018-10-13 02:12:27, rows affected:0" 
time="2018-10-20T02:13:27Z" level=debug msg="delete event older than 2018-10-13 02:13:27, rows affected:0" 
time="2018-10-20T02:14:27Z" level=debug msg="delete event older than 2018-10-13 02:14:27, rows affected:0" 
time="2018-10-20T02:15:27Z" level=debug msg="delete event older than 2018-10-13 02:15:27, rows affected:0" 
time="2018-10-20T02:16:27Z" level=debug msg="delete event older than 2018-10-13 02:16:27, rows affected:0" 
time="2018-10-20T02:17:27Z" level=debug msg="delete event older than 2018-10-13 02:17:27, rows affected:0" 
time="2018-10-20T02:18:27Z" level=debug msg="delete event older than 2018-10-13 02:18:27, rows affected:0" 
time="2018-10-20T02:19:27Z" level=debug msg="delete event older than 2018-10-13 02:19:27, rows affected:0" 
time="2018-10-20T02:20:27Z" level=debug msg="delete event older than 2018-10-13 02:20:27, rows affected:0" 
time="2018-10-20T02:21:27Z" level=debug msg="delete event older than 2018-10-13 02:21:27, rows affected:0" 
time="2018-10-20T02:22:27Z" level=debug msg="delete event older than 2018-10-13 02:22:27, rows affected:0" 
time="2018-10-20T02:23:27Z" level=debug msg="delete event older than 2018-10-13 02:23:27, rows affected:0" 
time="2018-10-20T02:24:26Z" level=debug msg="delete event older than 2018-10-13 02:24:26, rows affected:0" 
time="2018-10-20T02:25:26Z" level=debug msg="delete event older than 2018-10-13 02:25:26, rows affected:0" 
time="2018-10-20T02:26:26Z" level=debug msg="delete event older than 2018-10-13 02:26:26, rows affected:0" 
time="2018-10-20T02:27:25Z" level=debug msg="delete event older than 2018-10-13 02:27:25, rows affected:0" 
time="2018-10-20T02:28:25Z" level=debug msg="delete event older than 2018-10-13 02:28:25, rows affected:0" 
time="2018-10-20T02:29:25Z" level=debug msg="delete event older than 2018-10-13 02:29:25, rows affected:0" 
time="2018-10-20T02:30:25Z" level=debug msg="delete event older than 2018-10-13 02:30:25, rows affected:0" 
time="2018-10-20T02:31:25Z" level=debug msg="delete event older than 2018-10-13 02:31:25, rows affected:0" 
time="2018-10-20T02:32:25Z" level=debug msg="delete event older than 2018-10-13 02:32:25, rows affected:0" 
time="2018-10-20T02:33:25Z" level=debug msg="delete event older than 2018-10-13 02:33:25, rows affected:0" 
time="2018-10-20T02:34:25Z" level=debug msg="delete event older than 2018-10-13 02:34:25, rows affected:0" 
time="2018-10-20T02:35:25Z" level=debug msg="delete event older than 2018-10-13 02:35:25, rows affected:0" 
time="2018-10-20T02:36:25Z" level=debug msg="delete event older than 2018-10-13 02:36:25, rows affected:0" 
time="2018-10-20T02:37:25Z" level=debug msg="delete event older than 2018-10-13 02:37:25, rows affected:0" 
time="2018-10-20T02:38:25Z" level=debug msg="delete event older than 2018-10-13 02:38:25, rows affected:0" 
time="2018-10-20T02:39:25Z" level=debug msg="delete event older than 2018-10-13 02:39:25, rows affected:0" 
time="2018-10-20T02:40:25Z" level=debug msg="delete event older than 2018-10-13 02:40:25, rows affected:0" 
time="2018-10-20T02:41:25Z" level=debug msg="delete event older than 2018-10-13 02:41:25, rows affected:0" 
time="2018-10-20T02:42:24Z" level=debug msg="delete event older than 2018-10-13 02:42:24, rows affected:0" 
time="2018-10-20T02:43:24Z" level=debug msg="delete event older than 2018-10-13 02:43:24, rows affected:0" 
time="2018-10-20T02:44:24Z" level=debug msg="delete event older than 2018-10-13 02:44:24, rows affected:0" 
time="2018-10-20T02:45:24Z" level=debug msg="delete event older than 2018-10-13 02:45:24, rows affected:0" 
time="2018-10-20T02:46:24Z" level=debug msg="delete event older than 2018-10-13 02:46:24, rows affected:0" 
time="2018-10-20T02:47:24Z" level=debug msg="delete event older than 2018-10-13 02:47:24, rows affected:0" 
time="2018-10-20T02:48:24Z" level=debug msg="delete event older than 2018-10-13 02:48:24, rows affected:0" 
time="2018-10-20T02:49:24Z" level=debug msg="delete event older than 2018-10-13 02:49:24, rows affected:0" 
time="2018-10-20T02:50:24Z" level=debug msg="delete event older than 2018-10-13 02:50:24, rows affected:0" 
time="2018-10-20T02:51:24Z" level=debug msg="delete event older than 2018-10-13 02:51:24, rows affected:0" 
time="2018-10-20T02:52:24Z" level=debug msg="delete event older than 2018-10-13 02:52:24, rows affected:0" 
time="2018-10-20T02:53:24Z" level=debug msg="delete event older than 2018-10-13 02:53:24, rows affected:0" 
time="2018-10-20T02:54:24Z" level=debug msg="delete event older than 2018-10-13 02:54:24, rows affected:0" 
time="2018-10-20T02:55:24Z" level=debug msg="delete event older than 2018-10-13 02:55:24, rows affected:0" 
time="2018-10-20T02:56:24Z" level=debug msg="delete event older than 2018-10-13 02:56:24, rows affected:0" 
time="2018-10-20T02:57:24Z" level=debug msg="delete event older than 2018-10-13 02:57:24, rows affected:0" 
time="2018-10-20T02:58:23Z" level=debug msg="delete event older than 2018-10-13 02:58:23, rows affected:0" 
time="2018-10-20T02:59:23Z" level=debug msg="delete event older than 2018-10-13 02:59:23, rows affected:0" 
time="2018-10-20T03:00:23Z" level=debug msg="delete event older than 2018-10-13 03:00:23, rows affected:0" 
time="2018-10-20T03:01:23Z" level=debug msg="delete event older than 2018-10-13 03:01:23, rows affected:0" 
time="2018-10-20T03:02:23Z" level=debug msg="delete event older than 2018-10-13 03:02:23, rows affected:0" 
time="2018-10-20T03:03:23Z" level=debug msg="delete event older than 2018-10-13 03:03:23, rows affected:0" 
time="2018-10-20T03:04:23Z" level=debug msg="delete event older than 2018-10-13 03:04:23, rows affected:0" 
time="2018-10-20T03:05:23Z" level=debug msg="delete event older than 2018-10-13 03:05:23, rows affected:0" 
time="2018-10-20T03:06:23Z" level=debug msg="delete event older than 2018-10-13 03:06:23, rows affected:0" 
time="2018-10-20T03:07:23Z" level=debug msg="delete event older than 2018-10-13 03:07:23, rows affected:0" 
time="2018-10-20T03:08:23Z" level=debug msg="delete event older than 2018-10-13 03:08:23, rows affected:0" 
time="2018-10-20T03:09:23Z" level=debug msg="delete event older than 2018-10-13 03:09:23, rows affected:0" 
time="2018-10-20T03:10:23Z" level=debug msg="delete event older than 2018-10-13 03:10:23, rows affected:0" 
time="2018-10-20T03:11:23Z" level=debug msg="delete event older than 2018-10-13 03:11:23, rows affected:0" 
time="2018-10-20T03:12:23Z" level=debug msg="delete event older than 2018-10-13 03:12:23, rows affected:0" 
time="2018-10-20T03:13:23Z" level=debug msg="delete event older than 2018-10-13 03:13:23, rows affected:0" 
time="2018-10-20T03:14:22Z" level=debug msg="delete event older than 2018-10-13 03:14:22, rows affected:0" 
time="2018-10-20T03:15:22Z" level=debug msg="delete event older than 2018-10-13 03:15:22, rows affected:0" 
time="2018-10-20T03:16:22Z" level=debug msg="delete event older than 2018-10-13 03:16:22, rows affected:0" 
time="2018-10-20T03:17:22Z" level=debug msg="delete event older than 2018-10-13 03:17:22, rows affected:0" 
time="2018-10-20T03:18:22Z" level=debug msg="delete event older than 2018-10-13 03:18:22, rows affected:0" 
time="2018-10-20T03:19:22Z" level=debug msg="delete event older than 2018-10-13 03:19:22, rows affected:0" 
time="2018-10-20T03:20:22Z" level=debug msg="delete event older than 2018-10-13 03:20:22, rows affected:0" 
time="2018-10-20T03:21:22Z" level=debug msg="delete event older than 2018-10-13 03:21:22, rows affected:0" 
time="2018-10-20T03:22:22Z" level=debug msg="delete event older than 2018-10-13 03:22:22, rows affected:0" 
time="2018-10-20T03:23:22Z" level=debug msg="delete event older than 2018-10-13 03:23:22, rows affected:0" 
time="2018-10-20T03:24:22Z" level=debug msg="delete event older than 2018-10-13 03:24:22, rows affected:0" 
time="2018-10-20T03:25:22Z" level=debug msg="delete event older than 2018-10-13 03:25:22, rows affected:0" 
time="2018-10-20T03:26:22Z" level=debug msg="delete event older than 2018-10-13 03:26:22, rows affected:0" 
time="2018-10-20T03:27:22Z" level=debug msg="delete event older than 2018-10-13 03:27:22, rows affected:0" 
time="2018-10-20T03:28:22Z" level=debug msg="delete event older than 2018-10-13 03:28:22, rows affected:0" 
time="2018-10-20T03:29:22Z" level=debug msg="delete event older than 2018-10-13 03:29:22, rows affected:0" 
time="2018-10-20T03:30:21Z" level=debug msg="delete event older than 2018-10-13 03:30:21, rows affected:0" 
time="2018-10-20T03:31:21Z" level=debug msg="delete event older than 2018-10-13 03:31:21, rows affected:0" 
time="2018-10-20T03:32:21Z" level=debug msg="delete event older than 2018-10-13 03:32:21, rows affected:0" 
time="2018-10-20T03:33:21Z" level=debug msg="delete event older than 2018-10-13 03:33:21, rows affected:0" 
time="2018-10-20T03:34:21Z" level=debug msg="delete event older than 2018-10-13 03:34:21, rows affected:0" 
time="2018-10-20T03:35:21Z" level=debug msg="delete event older than 2018-10-13 03:35:21, rows affected:0" 
time="2018-10-20T03:36:21Z" level=debug msg="delete event older than 2018-10-13 03:36:21, rows affected:0" 
time="2018-10-20T03:37:21Z" level=debug msg="delete event older than 2018-10-13 03:37:21, rows affected:0" 
time="2018-10-20T03:38:21Z" level=debug msg="delete event older than 2018-10-13 03:38:21, rows affected:0" 
time="2018-10-20T03:39:21Z" level=debug msg="delete event older than 2018-10-13 03:39:21, rows affected:0" 
time="2018-10-20T03:40:21Z" level=debug msg="delete event older than 2018-10-13 03:40:21, rows affected:0" 
time="2018-10-20T03:41:21Z" level=debug msg="delete event older than 2018-10-13 03:41:21, rows affected:0" 
time="2018-10-20T03:42:21Z" level=debug msg="delete event older than 2018-10-13 03:42:21, rows affected:0" 
time="2018-10-20T03:43:21Z" level=debug msg="delete event older than 2018-10-13 03:43:21, rows affected:0" 
time="2018-10-20T03:44:21Z" level=debug msg="delete event older than 2018-10-13 03:44:21, rows affected:0" 
time="2018-10-20T03:45:21Z" level=debug msg="delete event older than 2018-10-13 03:45:21, rows affected:0" 
time="2018-10-20T03:46:20Z" level=debug msg="delete event older than 2018-10-13 03:46:20, rows affected:0" 
time="2018-10-20T03:47:20Z" level=debug msg="delete event older than 2018-10-13 03:47:20, rows affected:0" 
time="2018-10-20T03:48:20Z" level=debug msg="delete event older than 2018-10-13 03:48:20, rows affected:0" 
time="2018-10-20T03:49:20Z" level=debug msg="delete event older than 2018-10-13 03:49:20, rows affected:0" 
time="2018-10-20T03:50:20Z" level=debug msg="delete event older than 2018-10-13 03:50:20, rows affected:0" 
time="2018-10-20T03:51:20Z" level=debug msg="delete event older than 2018-10-13 03:51:20, rows affected:0" 
time="2018-10-20T03:52:20Z" level=debug msg="delete event older than 2018-10-13 03:52:20, rows affected:0" 
time="2018-10-20T03:53:20Z" level=debug msg="delete event older than 2018-10-13 03:53:20, rows affected:0" 
time="2018-10-20T03:54:20Z" level=debug msg="delete event older than 2018-10-13 03:54:20, rows affected:0" 
time="2018-10-20T03:55:20Z" level=debug msg="delete event older than 2018-10-13 03:55:20, rows affected:0" 
time="2018-10-20T03:56:20Z" level=debug msg="delete event older than 2018-10-13 03:56:20, rows affected:0" 
time="2018-10-20T03:57:20Z" level=debug msg="delete event older than 2018-10-13 03:57:20, rows affected:0" 
time="2018-10-20T03:58:20Z" level=debug msg="delete event older than 2018-10-13 03:58:20, rows affected:0" 
time="2018-10-20T03:59:20Z" level=debug msg="delete event older than 2018-10-13 03:59:20, rows affected:0" 
time="2018-10-20T04:00:20Z" level=debug msg="delete event older than 2018-10-13 04:00:20, rows affected:0" 
time="2018-10-20T04:01:20Z" level=debug msg="delete event older than 2018-10-13 04:01:20, rows affected:0" 
time="2018-10-20T04:02:19Z" level=debug msg="delete event older than 2018-10-13 04:02:19, rows affected:0" 
time="2018-10-20T04:03:19Z" level=debug msg="delete event older than 2018-10-13 04:03:19, rows affected:0" 
time="2018-10-20T04:30:54Z" level=debug msg="delete event older than 2018-10-13 04:30:54, rows affected:0" 
time="2018-10-20T04:31:54Z" level=debug msg="delete event older than 2018-10-13 04:31:54, rows affected:0" 
time="2018-10-20T04:32:54Z" level=debug msg="delete event older than 2018-10-13 04:32:54, rows affected:0" 
time="2018-10-20T04:33:54Z" level=debug msg="delete event older than 2018-10-13 04:33:54, rows affected:0" 
time="2018-10-20T04:34:54Z" level=debug msg="delete event older than 2018-10-13 04:34:54, rows affected:0" 
time="2018-10-20T04:35:54Z" level=debug msg="delete event older than 2018-10-13 04:35:54, rows affected:0" 
time="2018-10-20T04:36:54Z" level=debug msg="delete event older than 2018-10-13 04:36:54, rows affected:0" 
time="2018-10-20T04:37:54Z" level=debug msg="delete event older than 2018-10-13 04:37:54, rows affected:0" 
time="2018-10-20T04:38:53Z" level=debug msg="delete event older than 2018-10-13 04:38:53, rows affected:0" 
time="2018-10-20T04:39:53Z" level=debug msg="delete event older than 2018-10-13 04:39:53, rows affected:0" 
time="2018-10-20T04:40:53Z" level=debug msg="delete event older than 2018-10-13 04:40:53, rows affected:0" 
time="2018-10-20T04:41:53Z" level=debug msg="delete event older than 2018-10-13 04:41:53, rows affected:0" 
time="2018-10-20T04:42:53Z" level=debug msg="delete event older than 2018-10-13 04:42:53, rows affected:0" 
time="2018-10-20T04:43:53Z" level=debug msg="delete event older than 2018-10-13 04:43:53, rows affected:0" 
time="2018-10-20T04:44:53Z" level=debug msg="delete event older than 2018-10-13 04:44:53, rows affected:0" 
time="2018-10-20T04:45:53Z" level=debug msg="delete event older than 2018-10-13 04:45:53, rows affected:0" 
time="2018-10-20T04:46:53Z" level=debug msg="delete event older than 2018-10-13 04:46:53, rows affected:0" 
time="2018-10-20T04:47:53Z" level=debug msg="delete event older than 2018-10-13 04:47:53, rows affected:0" 
time="2018-10-20T04:48:53Z" level=debug msg="delete event older than 2018-10-13 04:48:53, rows affected:0" 
time="2018-10-20T04:49:53Z" level=debug msg="delete event older than 2018-10-13 04:49:53, rows affected:0" 
time="2018-10-20T07:44:41Z" level=debug msg="delete event older than 2018-10-13 07:44:41, rows affected:0" 
time="2018-10-20T07:45:41Z" level=debug msg="delete event older than 2018-10-13 07:45:41, rows affected:0" 
time="2018-10-20T07:46:40Z" level=debug msg="delete event older than 2018-10-13 07:46:40, rows affected:0" 
time="2018-10-20T07:47:40Z" level=debug msg="delete event older than 2018-10-13 07:47:40, rows affected:0" 
time="2018-10-20T07:48:40Z" level=debug msg="delete event older than 2018-10-13 07:48:40, rows affected:0" 
time="2018-10-20T07:49:40Z" level=debug msg="delete event older than 2018-10-13 07:49:40, rows affected:0" 
time="2018-10-20T07:50:40Z" level=debug msg="delete event older than 2018-10-13 07:50:40, rows affected:0" 
time="2018-10-20T07:51:40Z" level=debug msg="delete event older than 2018-10-13 07:51:40, rows affected:0" 
time="2018-10-20T07:52:40Z" level=debug msg="delete event older than 2018-10-13 07:52:40, rows affected:0" 
time="2018-10-20T07:53:40Z" level=debug msg="delete event older than 2018-10-13 07:53:40, rows affected:0" 
time="2018-10-20T07:54:40Z" level=debug msg="delete event older than 2018-10-13 07:54:40, rows affected:0" 
time="2018-10-20T07:55:40Z" level=debug msg="delete event older than 2018-10-13 07:55:40, rows affected:0" 
time="2018-10-20T07:56:40Z" level=debug msg="delete event older than 2018-10-13 07:56:40, rows affected:0" 
time="2018-10-20T07:57:40Z" level=debug msg="delete event older than 2018-10-13 07:57:40, rows affected:0" 
time="2018-10-20T07:58:40Z" level=debug msg="delete event older than 2018-10-13 07:58:40, rows affected:0" 
time="2018-10-20T07:59:40Z" level=debug msg="delete event older than 2018-10-13 07:59:40, rows affected:0" 
time="2018-10-20T08:00:40Z" level=debug msg="delete event older than 2018-10-13 08:00:40, rows affected:0" 
time="2018-10-20T08:01:40Z" level=debug msg="delete event older than 2018-10-13 08:01:40, rows affected:0" 
time="2018-10-20T08:02:39Z" level=debug msg="delete event older than 2018-10-13 08:02:39, rows affected:0" 
time="2018-10-20T08:03:39Z" level=debug msg="delete event older than 2018-10-13 08:03:39, rows affected:0" 
time="2018-10-20T08:04:39Z" level=debug msg="delete event older than 2018-10-13 08:04:39, rows affected:0" 
time="2018-10-20T08:05:39Z" level=debug msg="delete event older than 2018-10-13 08:05:39, rows affected:0" 
time="2018-10-20T08:06:39Z" level=debug msg="delete event older than 2018-10-13 08:06:39, rows affected:0" 
time="2018-10-20T08:07:39Z" level=debug msg="delete event older than 2018-10-13 08:07:39, rows affected:0" 
time="2018-10-20T08:08:39Z" level=debug msg="delete event older than 2018-10-13 08:08:39, rows affected:0" 
time="2018-10-20T08:09:39Z" level=debug msg="delete event older than 2018-10-13 08:09:39, rows affected:0" 
time="2018-10-20T08:10:39Z" level=debug msg="delete event older than 2018-10-13 08:10:39, rows affected:0" 
time="2018-10-20T08:11:39Z" level=debug msg="delete event older than 2018-10-13 08:11:39, rows affected:0" 
time="2018-10-20T08:12:39Z" level=debug msg="delete event older than 2018-10-13 08:12:39, rows affected:0" 
time="2018-10-20T08:13:39Z" level=debug msg="delete event older than 2018-10-13 08:13:39, rows affected:0" 
time="2018-10-20T08:14:39Z" level=debug msg="delete event older than 2018-10-13 08:14:39, rows affected:0" 
time="2018-10-20T08:15:39Z" level=debug msg="delete event older than 2018-10-13 08:15:39, rows affected:0" 
time="2018-10-20T08:16:39Z" level=debug msg="delete event older than 2018-10-13 08:16:39, rows affected:0" 
time="2018-10-20T08:17:39Z" level=debug msg="delete event older than 2018-10-13 08:17:39, rows affected:0" 
time="2018-10-20T08:18:38Z" level=debug msg="delete event older than 2018-10-13 08:18:38, rows affected:0" 
time="2018-10-20T08:19:38Z" level=debug msg="delete event older than 2018-10-13 08:19:38, rows affected:0" 
time="2018-10-20T08:20:38Z" level=debug msg="delete event older than 2018-10-13 08:20:38, rows affected:0" 
time="2018-10-20T08:21:38Z" level=debug msg="delete event older than 2018-10-13 08:21:38, rows affected:0" 
2018/10/22 07:00:34 cfg.go:113: read config file: /open-falcon/alarm/config/cfg.json successfully
2018/10/22 07:00:34 debug.go:45: [GIN-debug] [WARNING] Running in "debug" mode. Switch to "release" mode in production.
 - using env:	export GIN_MODE=release
 - using code:	gin.SetMode(gin.ReleaseMode)

2018/10/22 07:00:34 debug.go:45: [GIN-debug] GET    /version                  --> github.com/open-falcon/falcon-plus/modules/alarm/http.Version (3 handlers)
2018/10/22 07:00:34 debug.go:45: [GIN-debug] GET    /health                   --> github.com/open-falcon/falcon-plus/modules/alarm/http.Health (3 handlers)
2018/10/22 07:00:34 debug.go:45: [GIN-debug] GET    /workdir                  --> github.com/open-falcon/falcon-plus/modules/alarm/http.Workdir (3 handlers)
2018/10/22 07:00:34 debug.go:45: [GIN-debug] Listening and serving HTTP on 0.0.0.0:9912
time="2018-10-22T07:00:34Z" level=debug msg="delete event older than 2018-10-15 07:00:34, rows affected:0" 
time="2018-10-22T07:01:34Z" level=debug msg="delete event older than 2018-10-15 07:01:34, rows affected:0" 
time="2018-10-22T07:02:34Z" level=debug msg="delete event older than 2018-10-15 07:02:34, rows affected:0" 
time="2018-10-22T07:03:34Z" level=debug msg="delete event older than 2018-10-15 07:03:34, rows affected:0" 
time="2018-10-22T07:04:34Z" level=debug msg="delete event older than 2018-10-15 07:04:34, rows affected:0" 
time="2018-10-22T07:05:34Z" level=debug msg="delete event older than 2018-10-15 07:05:34, rows affected:0" 
time="2018-10-22T07:06:33Z" level=debug msg="delete event older than 2018-10-15 07:06:33, rows affected:0" 
